[2024-11-10][21:37:32][INFO][webview::unknown] check user
[2024-11-10][21:37:32][DEBUG][sqlx::query] summary="PRAGMA foreign_keys = ON; …" db.statement="\n\nPRAGMA foreign_keys = ON;\n" rows_affected=0 rows_returned=0 elapsed=111.8µs elapsed_secs=0.0001118
[2024-11-10][21:37:32][DEBUG][sqlx::query] summary="CREATE TABLE IF NOT …" db.statement="\n\nCREATE TABLE IF NOT EXISTS _sqlx_migrations (\n  version BIGINT PRIMARY KEY,\n  description TEXT NOT NULL,\n  installed_on TIMESTAMP NOT NULL DEFAULT CURRENT_TIMESTAMP,\n  success BOOLEAN NOT NULL,\n  checksum BLOB NOT NULL,\n  execution_time BIGINT NOT NULL\n);\n" rows_affected=0 rows_returned=0 elapsed=10.1448ms elapsed_secs=0.0101448
[2024-11-10][21:37:32][DEBUG][sqlx::query] summary="SELECT version FROM _sqlx_migrations …" db.statement="\n\nSELECT\n  version\nFROM\n  _sqlx_migrations\nWHERE\n  success = false\nORDER BY\n  version\nLIMIT\n  1\n" rows_affected=0 rows_returned=0 elapsed=237.5µs elapsed_secs=0.0002375
[2024-11-10][21:37:32][DEBUG][sqlx::query] summary="SELECT version, checksum FROM …" db.statement="\n\nSELECT\n  version,\n  checksum\nFROM\n  _sqlx_migrations\nORDER BY\n  version\n" rows_affected=0 rows_returned=1 elapsed=135.8µs elapsed_secs=0.0001358
[2024-11-10][21:37:32][DEBUG][sqlx::query] summary="SELECT * FROM reservations …" db.statement="\n\nSELECT\n  *\nFROM\n  reservations\nWHERE\n  reservation_date >= '2024-11-01'\n  AND reservation_date <= '2024-2024-11-30'\n" rows_affected=0 rows_returned=26 elapsed=524.8µs elapsed_secs=0.0005248
[2024-11-10][21:37:32][DEBUG][sqlx::query] summary="SELECT * FROM visitings …" db.statement="\n\nSELECT\n  *\nFROM\n  visitings\nWHERE\n  visit_user = $1\n  AND visit_machine = $2\n" rows_affected=0 rows_returned=1 elapsed=234.7µs elapsed_secs=0.0002347
[2024-11-10][21:37:32][DEBUG][sqlx::query] summary="SELECT * FROM stations" db.statement="" rows_affected=0 rows_returned=20 elapsed=425.8µs elapsed_secs=0.0004258
[2024-11-10][21:37:33][INFO][webview::unknown] check user
[2024-11-10][21:37:33][DEBUG][sqlx::query] summary="PRAGMA foreign_keys = ON; …" db.statement="\n\nPRAGMA foreign_keys = ON;\n" rows_affected=0 rows_returned=0 elapsed=66.3µs elapsed_secs=6.63e-5
[2024-11-10][21:37:33][DEBUG][sqlx::query] summary="CREATE TABLE IF NOT …" db.statement="\n\nCREATE TABLE IF NOT EXISTS _sqlx_migrations (\n  version BIGINT PRIMARY KEY,\n  description TEXT NOT NULL,\n  installed_on TIMESTAMP NOT NULL DEFAULT CURRENT_TIMESTAMP,\n  success BOOLEAN NOT NULL,\n  checksum BLOB NOT NULL,\n  execution_time BIGINT NOT NULL\n);\n" rows_affected=0 rows_returned=0 elapsed=11.8183ms elapsed_secs=0.0118183
[2024-11-10][21:37:33][DEBUG][sqlx::query] summary="SELECT version FROM _sqlx_migrations …" db.statement="\n\nSELECT\n  version\nFROM\n  _sqlx_migrations\nWHERE\n  success = false\nORDER BY\n  version\nLIMIT\n  1\n" rows_affected=0 rows_returned=0 elapsed=142.3µs elapsed_secs=0.0001423
[2024-11-10][21:37:33][DEBUG][sqlx::query] summary="SELECT version, checksum FROM …" db.statement="\n\nSELECT\n  version,\n  checksum\nFROM\n  _sqlx_migrations\nORDER BY\n  version\n" rows_affected=0 rows_returned=1 elapsed=109.3µs elapsed_secs=0.0001093
[2024-11-10][21:37:33][DEBUG][sqlx::query] summary="SELECT * FROM reservations …" db.statement="\n\nSELECT\n  *\nFROM\n  reservations\nWHERE\n  reservation_date >= '2024-11-01'\n  AND reservation_date <= '2024-2024-11-30'\n" rows_affected=0 rows_returned=26 elapsed=709.8µs elapsed_secs=0.0007098
[2024-11-10][21:37:33][DEBUG][sqlx::query] summary="SELECT * FROM visitings …" db.statement="\n\nSELECT\n  *\nFROM\n  visitings\nWHERE\n  visit_user = $1\n  AND visit_machine = $2\n" rows_affected=0 rows_returned=1 elapsed=185µs elapsed_secs=0.000185
[2024-11-10][21:37:33][DEBUG][sqlx::query] summary="SELECT * FROM stations" db.statement="" rows_affected=0 rows_returned=20 elapsed=355.2µs elapsed_secs=0.0003552
[2024-11-10][21:58:46][INFO][webview::unknown] check user
[2024-11-10][21:58:46][DEBUG][sqlx::query] summary="PRAGMA foreign_keys = ON; …" db.statement="\n\nPRAGMA foreign_keys = ON;\n" rows_affected=0 rows_returned=0 elapsed=80.9µs elapsed_secs=8.09e-5
[2024-11-10][21:58:46][DEBUG][sqlx::query] summary="CREATE TABLE IF NOT …" db.statement="\n\nCREATE TABLE IF NOT EXISTS _sqlx_migrations (\n  version BIGINT PRIMARY KEY,\n  description TEXT NOT NULL,\n  installed_on TIMESTAMP NOT NULL DEFAULT CURRENT_TIMESTAMP,\n  success BOOLEAN NOT NULL,\n  checksum BLOB NOT NULL,\n  execution_time BIGINT NOT NULL\n);\n" rows_affected=0 rows_returned=0 elapsed=441µs elapsed_secs=0.000441
[2024-11-10][21:58:46][DEBUG][sqlx::query] summary="SELECT version FROM _sqlx_migrations …" db.statement="\n\nSELECT\n  version\nFROM\n  _sqlx_migrations\nWHERE\n  success = false\nORDER BY\n  version\nLIMIT\n  1\n" rows_affected=0 rows_returned=0 elapsed=287.6µs elapsed_secs=0.0002876
[2024-11-10][21:58:46][DEBUG][sqlx::query] summary="SELECT version, checksum FROM …" db.statement="\n\nSELECT\n  version,\n  checksum\nFROM\n  _sqlx_migrations\nORDER BY\n  version\n" rows_affected=0 rows_returned=1 elapsed=209.4µs elapsed_secs=0.0002094
[2024-11-10][21:58:46][DEBUG][sqlx::query] summary="SELECT * FROM reservations …" db.statement="\n\nSELECT\n  *\nFROM\n  reservations\nWHERE\n  reservation_date >= '2024-11-01'\n  AND reservation_date <= '2024-2024-11-30'\n" rows_affected=0 rows_returned=26 elapsed=713.5µs elapsed_secs=0.0007135
[2024-11-10][21:58:46][DEBUG][sqlx::query] summary="SELECT * FROM visitings …" db.statement="\n\nSELECT\n  *\nFROM\n  visitings\nWHERE\n  visit_user = $1\n  AND visit_machine = $2\n" rows_affected=0 rows_returned=1 elapsed=239.1µs elapsed_secs=0.0002391
[2024-11-10][21:58:46][DEBUG][sqlx::query] summary="SELECT * FROM stations" db.statement="" rows_affected=0 rows_returned=20 elapsed=248.4µs elapsed_secs=0.0002484
[2024-11-10][21:58:47][INFO][webview::unknown] check user
[2024-11-10][21:58:47][INFO][webview::unknown] check user
[2024-11-10][21:58:47][DEBUG][sqlx::query] summary="PRAGMA foreign_keys = ON; …" db.statement="\n\nPRAGMA foreign_keys = ON;\n" rows_affected=0 rows_returned=0 elapsed=87µs elapsed_secs=8.7e-5
[2024-11-10][21:58:47][DEBUG][sqlx::query] summary="PRAGMA foreign_keys = ON; …" db.statement="\n\nPRAGMA foreign_keys = ON;\n" rows_affected=0 rows_returned=0 elapsed=93.6µs elapsed_secs=9.36e-5
[2024-11-10][21:58:47][DEBUG][sqlx::query] summary="SELECT * FROM reservations …" db.statement="\n\nSELECT\n  *\nFROM\n  reservations\nWHERE\n  reservation_date >= '2024-11-01'\n  AND reservation_date <= '2024-2024-11-30'\n" rows_affected=0 rows_returned=26 elapsed=964µs elapsed_secs=0.000964
[2024-11-10][21:58:47][DEBUG][sqlx::query] summary="SELECT * FROM reservations …" db.statement="\n\nSELECT\n  *\nFROM\n  reservations\nWHERE\n  reservation_date >= '2024-11-01'\n  AND reservation_date <= '2024-2024-11-30'\n" rows_affected=0 rows_returned=26 elapsed=884.8µs elapsed_secs=0.0008848
[2024-11-10][21:58:47][DEBUG][sqlx::query] summary="SELECT * FROM stations" db.statement="" rows_affected=0 rows_returned=20 elapsed=444µs elapsed_secs=0.000444
[2024-11-10][21:58:47][DEBUG][sqlx::query] summary="SELECT * FROM stations" db.statement="" rows_affected=0 rows_returned=20 elapsed=530.3µs elapsed_secs=0.0005303
[2024-11-10][21:58:47][DEBUG][sqlx::query] summary="SELECT * FROM visitings …" db.statement="\n\nSELECT\n  *\nFROM\n  visitings\nWHERE\n  visit_user = $1\n  AND visit_machine = $2\n" rows_affected=0 rows_returned=1 elapsed=295.7µs elapsed_secs=0.0002957
[2024-11-10][21:58:47][DEBUG][sqlx::query] summary="SELECT * FROM visitings …" db.statement="\n\nSELECT\n  *\nFROM\n  visitings\nWHERE\n  visit_user = $1\n  AND visit_machine = $2\n" rows_affected=0 rows_returned=1 elapsed=186.6µs elapsed_secs=0.0001866
[2024-11-10][21:58:48][INFO][webview::unknown] check user
[2024-11-10][21:58:48][DEBUG][sqlx::query] summary="PRAGMA foreign_keys = ON; …" db.statement="\n\nPRAGMA foreign_keys = ON;\n" rows_affected=0 rows_returned=0 elapsed=72.9µs elapsed_secs=7.29e-5
[2024-11-10][21:58:48][DEBUG][sqlx::query] summary="CREATE TABLE IF NOT …" db.statement="\n\nCREATE TABLE IF NOT EXISTS _sqlx_migrations (\n  version BIGINT PRIMARY KEY,\n  description TEXT NOT NULL,\n  installed_on TIMESTAMP NOT NULL DEFAULT CURRENT_TIMESTAMP,\n  success BOOLEAN NOT NULL,\n  checksum BLOB NOT NULL,\n  execution_time BIGINT NOT NULL\n);\n" rows_affected=0 rows_returned=0 elapsed=526.2µs elapsed_secs=0.0005262
[2024-11-10][21:58:48][DEBUG][sqlx::query] summary="SELECT version FROM _sqlx_migrations …" db.statement="\n\nSELECT\n  version\nFROM\n  _sqlx_migrations\nWHERE\n  success = false\nORDER BY\n  version\nLIMIT\n  1\n" rows_affected=0 rows_returned=0 elapsed=188.1µs elapsed_secs=0.0001881
[2024-11-10][21:58:48][DEBUG][sqlx::query] summary="SELECT version, checksum FROM …" db.statement="\n\nSELECT\n  version,\n  checksum\nFROM\n  _sqlx_migrations\nORDER BY\n  version\n" rows_affected=0 rows_returned=1 elapsed=256.1µs elapsed_secs=0.0002561
[2024-11-10][21:58:48][DEBUG][sqlx::query] summary="SELECT * FROM reservations …" db.statement="\n\nSELECT\n  *\nFROM\n  reservations\nWHERE\n  reservation_date >= '2024-11-01'\n  AND reservation_date <= '2024-2024-11-30'\n" rows_affected=0 rows_returned=26 elapsed=603µs elapsed_secs=0.000603
[2024-11-10][21:58:48][DEBUG][sqlx::query] summary="SELECT * FROM visitings …" db.statement="\n\nSELECT\n  *\nFROM\n  visitings\nWHERE\n  visit_user = $1\n  AND visit_machine = $2\n" rows_affected=0 rows_returned=1 elapsed=246.2µs elapsed_secs=0.0002462
[2024-11-10][21:58:48][DEBUG][sqlx::query] summary="SELECT * FROM stations" db.statement="" rows_affected=0 rows_returned=20 elapsed=381.7µs elapsed_secs=0.0003817
[2024-11-10][21:58:51][INFO][webview::unknown] check user
[2024-11-10][21:58:51][DEBUG][sqlx::query] summary="PRAGMA foreign_keys = ON; …" db.statement="\n\nPRAGMA foreign_keys = ON;\n" rows_affected=0 rows_returned=0 elapsed=63.3µs elapsed_secs=6.33e-5
[2024-11-10][21:58:51][DEBUG][sqlx::query] summary="CREATE TABLE IF NOT …" db.statement="\n\nCREATE TABLE IF NOT EXISTS _sqlx_migrations (\n  version BIGINT PRIMARY KEY,\n  description TEXT NOT NULL,\n  installed_on TIMESTAMP NOT NULL DEFAULT CURRENT_TIMESTAMP,\n  success BOOLEAN NOT NULL,\n  checksum BLOB NOT NULL,\n  execution_time BIGINT NOT NULL\n);\n" rows_affected=0 rows_returned=0 elapsed=464µs elapsed_secs=0.000464
[2024-11-10][21:58:51][DEBUG][sqlx::query] summary="SELECT version FROM _sqlx_migrations …" db.statement="\n\nSELECT\n  version\nFROM\n  _sqlx_migrations\nWHERE\n  success = false\nORDER BY\n  version\nLIMIT\n  1\n" rows_affected=0 rows_returned=0 elapsed=186.3µs elapsed_secs=0.0001863
[2024-11-10][21:58:51][DEBUG][sqlx::query] summary="SELECT version, checksum FROM …" db.statement="\n\nSELECT\n  version,\n  checksum\nFROM\n  _sqlx_migrations\nORDER BY\n  version\n" rows_affected=0 rows_returned=1 elapsed=141.7µs elapsed_secs=0.0001417
[2024-11-10][21:58:51][DEBUG][sqlx::query] summary="SELECT * FROM reservations …" db.statement="\n\nSELECT\n  *\nFROM\n  reservations\nWHERE\n  reservation_date >= '2024-11-01'\n  AND reservation_date <= '2024-2024-11-30'\n" rows_affected=0 rows_returned=26 elapsed=754.1µs elapsed_secs=0.0007541
[2024-11-10][21:58:51][DEBUG][sqlx::query] summary="SELECT * FROM visitings …" db.statement="\n\nSELECT\n  *\nFROM\n  visitings\nWHERE\n  visit_user = $1\n  AND visit_machine = $2\n" rows_affected=0 rows_returned=1 elapsed=317.8µs elapsed_secs=0.0003178
[2024-11-10][21:58:51][DEBUG][sqlx::query] summary="SELECT * FROM stations" db.statement="" rows_affected=0 rows_returned=20 elapsed=383.8µs elapsed_secs=0.0003838
[2024-11-10][22:07:20][INFO][webview::unknown] check user
[2024-11-10][22:07:20][INFO][webview::unknown] check user
[2024-11-10][22:07:20][INFO][webview::unknown] check user
[2024-11-10][22:07:20][INFO][webview::unknown] check user
[2024-11-10][22:07:20][DEBUG][sqlx::query] summary="PRAGMA foreign_keys = ON; …" db.statement="\n\nPRAGMA foreign_keys = ON;\n" rows_affected=0 rows_returned=0 elapsed=106.4µs elapsed_secs=0.0001064
[2024-11-10][22:07:20][DEBUG][sqlx::query] summary="PRAGMA foreign_keys = ON; …" db.statement="\n\nPRAGMA foreign_keys = ON;\n" rows_affected=0 rows_returned=0 elapsed=81.3µs elapsed_secs=8.13e-5
[2024-11-10][22:07:20][DEBUG][sqlx::query] summary="PRAGMA foreign_keys = ON; …" db.statement="\n\nPRAGMA foreign_keys = ON;\n" rows_affected=0 rows_returned=0 elapsed=136.3µs elapsed_secs=0.0001363
[2024-11-10][22:07:20][DEBUG][sqlx::query] summary="PRAGMA foreign_keys = ON; …" db.statement="\n\nPRAGMA foreign_keys = ON;\n" rows_affected=0 rows_returned=0 elapsed=133.5µs elapsed_secs=0.0001335
[2024-11-10][22:07:20][DEBUG][sqlx::query] summary="SELECT * FROM reservations …" db.statement="\n\nSELECT\n  *\nFROM\n  reservations\nWHERE\n  reservation_date >= '2024-11-01'\n  AND reservation_date <= '2024-2024-11-30'\n" rows_affected=0 rows_returned=26 elapsed=1.6699ms elapsed_secs=0.0016699
[2024-11-10][22:07:20][DEBUG][sqlx::query] summary="SELECT * FROM reservations …" db.statement="\n\nSELECT\n  *\nFROM\n  reservations\nWHERE\n  reservation_date >= '2024-11-01'\n  AND reservation_date <= '2024-2024-11-30'\n" rows_affected=0 rows_returned=26 elapsed=2.0165ms elapsed_secs=0.0020165
[2024-11-10][22:07:20][DEBUG][sqlx::query] summary="SELECT * FROM stations" db.statement="" rows_affected=0 rows_returned=20 elapsed=305.4µs elapsed_secs=0.0003054
[2024-11-10][22:07:20][DEBUG][sqlx::query] summary="SELECT * FROM stations" db.statement="" rows_affected=0 rows_returned=20 elapsed=466.6µs elapsed_secs=0.0004666
[2024-11-10][22:07:20][DEBUG][sqlx::query] summary="SELECT * FROM reservations …" db.statement="\n\nSELECT\n  *\nFROM\n  reservations\nWHERE\n  reservation_date >= '2024-11-01'\n  AND reservation_date <= '2024-2024-11-30'\n" rows_affected=0 rows_returned=26 elapsed=8.381ms elapsed_secs=0.008381
[2024-11-10][22:07:20][DEBUG][sqlx::query] summary="SELECT * FROM stations" db.statement="" rows_affected=0 rows_returned=20 elapsed=9.6864ms elapsed_secs=0.0096864
[2024-11-10][22:07:20][DEBUG][sqlx::query] summary="SELECT * FROM stations" db.statement="" rows_affected=0 rows_returned=20 elapsed=398.9µs elapsed_secs=0.0003989
[2024-11-10][22:07:20][DEBUG][sqlx::query] summary="SELECT * FROM reservations …" db.statement="\n\nSELECT\n  *\nFROM\n  reservations\nWHERE\n  reservation_date >= '2024-11-01'\n  AND reservation_date <= '2024-2024-11-30'\n" rows_affected=0 rows_returned=26 elapsed=539.4µs elapsed_secs=0.0005394
[2024-11-10][22:07:20][DEBUG][sqlx::query] summary="SELECT * FROM visitings …" db.statement="\n\nSELECT\n  *\nFROM\n  visitings\nWHERE\n  visit_user = $1\n  AND visit_machine = $2\n" rows_affected=0 rows_returned=1 elapsed=872µs elapsed_secs=0.000872
[2024-11-10][22:07:20][DEBUG][sqlx::query] summary="SELECT * FROM visitings …" db.statement="\n\nSELECT\n  *\nFROM\n  visitings\nWHERE\n  visit_user = $1\n  AND visit_machine = $2\n" rows_affected=0 rows_returned=1 elapsed=296.5µs elapsed_secs=0.0002965
[2024-11-10][22:07:20][DEBUG][sqlx::query] summary="SELECT * FROM visitings …" db.statement="\n\nSELECT\n  *\nFROM\n  visitings\nWHERE\n  visit_user = $1\n  AND visit_machine = $2\n" rows_affected=0 rows_returned=1 elapsed=852.9µs elapsed_secs=0.0008529
[2024-11-10][22:07:20][DEBUG][sqlx::query] summary="SELECT * FROM visitings …" db.statement="\n\nSELECT\n  *\nFROM\n  visitings\nWHERE\n  visit_user = $1\n  AND visit_machine = $2\n" rows_affected=0 rows_returned=1 elapsed=348.5µs elapsed_secs=0.0003485
[2024-11-10][22:07:28][DEBUG][sqlx::query] summary="SELECT * FROM reservations …" db.statement="\n\nSELECT\n  *\nFROM\n  reservations\nWHERE\n  reservation_date >= '2024-10-01'\n  AND reservation_date <= '2024-2024-10-31'\n" rows_affected=0 rows_returned=26 elapsed=1.2489ms elapsed_secs=0.0012489
[2024-11-10][22:07:30][DEBUG][sqlx::query] summary="SELECT * FROM reservations …" db.statement="\n\nSELECT\n  *\nFROM\n  reservations\nWHERE\n  reservation_date >= '2024-09-01'\n  AND reservation_date <= '2024-2024-09-30'\n" rows_affected=0 rows_returned=26 elapsed=336µs elapsed_secs=0.000336
[2024-11-10][22:07:30][DEBUG][sqlx::query] summary="SELECT * FROM reservations …" db.statement="\n\nSELECT\n  *\nFROM\n  reservations\nWHERE\n  reservation_date >= '2024-08-01'\n  AND reservation_date <= '2024-2024-08-31'\n" rows_affected=0 rows_returned=26 elapsed=563.1µs elapsed_secs=0.0005631
[2024-11-10][22:07:30][DEBUG][sqlx::query] summary="SELECT * FROM reservations …" db.statement="\n\nSELECT\n  *\nFROM\n  reservations\nWHERE\n  reservation_date >= '2024-07-01'\n  AND reservation_date <= '2024-2024-07-31'\n" rows_affected=0 rows_returned=26 elapsed=680.6µs elapsed_secs=0.0006806
[2024-11-10][22:07:31][DEBUG][sqlx::query] summary="SELECT * FROM reservations …" db.statement="\n\nSELECT\n  *\nFROM\n  reservations\nWHERE\n  reservation_date >= '2024-08-01'\n  AND reservation_date <= '2024-2024-08-31'\n" rows_affected=0 rows_returned=26 elapsed=231.5µs elapsed_secs=0.0002315
[2024-11-10][22:07:31][DEBUG][sqlx::query] summary="SELECT * FROM reservations …" db.statement="\n\nSELECT\n  *\nFROM\n  reservations\nWHERE\n  reservation_date >= '2024-09-01'\n  AND reservation_date <= '2024-2024-09-30'\n" rows_affected=0 rows_returned=26 elapsed=404.5µs elapsed_secs=0.0004045
[2024-11-10][22:07:31][DEBUG][sqlx::query] summary="SELECT * FROM reservations …" db.statement="\n\nSELECT\n  *\nFROM\n  reservations\nWHERE\n  reservation_date >= '2024-10-01'\n  AND reservation_date <= '2024-2024-10-31'\n" rows_affected=0 rows_returned=26 elapsed=217.5µs elapsed_secs=0.0002175
[2024-11-10][22:07:32][DEBUG][sqlx::query] summary="SELECT * FROM reservations …" db.statement="\n\nSELECT\n  *\nFROM\n  reservations\nWHERE\n  reservation_date >= '2024-11-01'\n  AND reservation_date <= '2024-2024-11-30'\n" rows_affected=0 rows_returned=26 elapsed=218.3µs elapsed_secs=0.0002183
[2024-11-10][22:07:32][DEBUG][sqlx::query] summary="SELECT * FROM reservations …" db.statement="\n\nSELECT\n  *\nFROM\n  reservations\nWHERE\n  reservation_date >= '2024-12-01'\n  AND reservation_date <= '2024-2024-12-31'\n" rows_affected=0 rows_returned=0 elapsed=246.9µs elapsed_secs=0.0002469
[2024-11-10][22:07:32][DEBUG][sqlx::query] summary="SELECT * FROM reservations …" db.statement="\n\nSELECT\n  *\nFROM\n  reservations\nWHERE\n  reservation_date >= '2025-01-01'\n  AND reservation_date <= '2025-2025-01-31'\n" rows_affected=0 rows_returned=0 elapsed=303µs elapsed_secs=0.000303
[2024-11-10][22:07:32][DEBUG][sqlx::query] summary="SELECT * FROM reservations …" db.statement="\n\nSELECT\n  *\nFROM\n  reservations\nWHERE\n  reservation_date >= '2025-02-01'\n  AND reservation_date <= '2025-2025-02-28'\n" rows_affected=0 rows_returned=0 elapsed=289.4µs elapsed_secs=0.0002894
[2024-11-10][22:07:33][DEBUG][sqlx::query] summary="SELECT * FROM reservations …" db.statement="\n\nSELECT\n  *\nFROM\n  reservations\nWHERE\n  reservation_date >= '2025-03-01'\n  AND reservation_date <= '2025-2025-03-31'\n" rows_affected=0 rows_returned=0 elapsed=213.3µs elapsed_secs=0.0002133
[2024-11-10][22:07:33][DEBUG][sqlx::query] summary="SELECT * FROM reservations …" db.statement="\n\nSELECT\n  *\nFROM\n  reservations\nWHERE\n  reservation_date >= '2025-04-01'\n  AND reservation_date <= '2025-2025-04-30'\n" rows_affected=0 rows_returned=0 elapsed=212.2µs elapsed_secs=0.0002122
[2024-11-10][22:07:33][DEBUG][sqlx::query] summary="SELECT * FROM reservations …" db.statement="\n\nSELECT\n  *\nFROM\n  reservations\nWHERE\n  reservation_date >= '2025-05-01'\n  AND reservation_date <= '2025-2025-05-31'\n" rows_affected=0 rows_returned=0 elapsed=272.3µs elapsed_secs=0.0002723
[2024-11-10][22:07:33][DEBUG][sqlx::query] summary="SELECT * FROM reservations …" db.statement="\n\nSELECT\n  *\nFROM\n  reservations\nWHERE\n  reservation_date >= '2025-06-01'\n  AND reservation_date <= '2025-2025-06-30'\n" rows_affected=0 rows_returned=0 elapsed=572.7µs elapsed_secs=0.0005727
[2024-11-10][22:07:33][DEBUG][sqlx::query] summary="SELECT * FROM reservations …" db.statement="\n\nSELECT\n  *\nFROM\n  reservations\nWHERE\n  reservation_date >= '2025-07-01'\n  AND reservation_date <= '2025-2025-07-31'\n" rows_affected=0 rows_returned=0 elapsed=702.8µs elapsed_secs=0.0007028
[2024-11-10][22:07:34][DEBUG][sqlx::query] summary="SELECT * FROM reservations …" db.statement="\n\nSELECT\n  *\nFROM\n  reservations\nWHERE\n  reservation_date >= '2025-08-01'\n  AND reservation_date <= '2025-2025-08-31'\n" rows_affected=0 rows_returned=0 elapsed=231.4µs elapsed_secs=0.0002314
[2024-11-10][22:07:34][DEBUG][sqlx::query] summary="SELECT * FROM reservations …" db.statement="\n\nSELECT\n  *\nFROM\n  reservations\nWHERE\n  reservation_date >= '2025-09-01'\n  AND reservation_date <= '2025-2025-09-30'\n" rows_affected=0 rows_returned=0 elapsed=378µs elapsed_secs=0.000378
[2024-11-10][22:07:34][DEBUG][sqlx::query] summary="SELECT * FROM reservations …" db.statement="\n\nSELECT\n  *\nFROM\n  reservations\nWHERE\n  reservation_date >= '2025-10-01'\n  AND reservation_date <= '2025-2025-10-31'\n" rows_affected=0 rows_returned=0 elapsed=318.9µs elapsed_secs=0.0003189
[2024-11-10][22:07:34][DEBUG][sqlx::query] summary="SELECT * FROM reservations …" db.statement="\n\nSELECT\n  *\nFROM\n  reservations\nWHERE\n  reservation_date >= '2025-11-01'\n  AND reservation_date <= '2025-2025-11-30'\n" rows_affected=0 rows_returned=0 elapsed=323.8µs elapsed_secs=0.0003238
[2024-11-10][22:07:34][DEBUG][sqlx::query] summary="SELECT * FROM reservations …" db.statement="\n\nSELECT\n  *\nFROM\n  reservations\nWHERE\n  reservation_date >= '2025-12-01'\n  AND reservation_date <= '2025-2025-12-31'\n" rows_affected=0 rows_returned=0 elapsed=325µs elapsed_secs=0.000325
[2024-11-10][22:07:35][DEBUG][sqlx::query] summary="SELECT * FROM reservations …" db.statement="\n\nSELECT\n  *\nFROM\n  reservations\nWHERE\n  reservation_date >= '2026-01-01'\n  AND reservation_date <= '2026-2026-01-31'\n" rows_affected=0 rows_returned=0 elapsed=245.2µs elapsed_secs=0.0002452
[2024-11-10][22:07:35][DEBUG][sqlx::query] summary="SELECT * FROM reservations …" db.statement="\n\nSELECT\n  *\nFROM\n  reservations\nWHERE\n  reservation_date >= '2026-02-01'\n  AND reservation_date <= '2026-2026-02-28'\n" rows_affected=0 rows_returned=0 elapsed=217.4µs elapsed_secs=0.0002174
[2024-11-10][22:07:35][DEBUG][sqlx::query] summary="SELECT * FROM reservations …" db.statement="\n\nSELECT\n  *\nFROM\n  reservations\nWHERE\n  reservation_date >= '2026-03-01'\n  AND reservation_date <= '2026-2026-03-31'\n" rows_affected=0 rows_returned=0 elapsed=225.2µs elapsed_secs=0.0002252
[2024-11-10][22:07:38][DEBUG][sqlx::query] summary="SELECT * FROM reservations …" db.statement="\n\nSELECT\n  *\nFROM\n  reservations\nWHERE\n  reservation_date >= '2026-02-01'\n  AND reservation_date <= '2026-2026-02-28'\n" rows_affected=0 rows_returned=0 elapsed=80.9µs elapsed_secs=8.09e-5
[2024-11-10][22:07:39][DEBUG][sqlx::query] summary="SELECT * FROM reservations …" db.statement="\n\nSELECT\n  *\nFROM\n  reservations\nWHERE\n  reservation_date >= '2026-01-01'\n  AND reservation_date <= '2026-2026-01-31'\n" rows_affected=0 rows_returned=0 elapsed=77.7µs elapsed_secs=7.77e-5
[2024-11-10][22:07:39][DEBUG][sqlx::query] summary="SELECT * FROM reservations …" db.statement="\n\nSELECT\n  *\nFROM\n  reservations\nWHERE\n  reservation_date >= '2025-12-01'\n  AND reservation_date <= '2025-2025-12-31'\n" rows_affected=0 rows_returned=0 elapsed=69.4µs elapsed_secs=6.94e-5
[2024-11-10][22:07:39][DEBUG][sqlx::query] summary="SELECT * FROM reservations …" db.statement="\n\nSELECT\n  *\nFROM\n  reservations\nWHERE\n  reservation_date >= '2025-11-01'\n  AND reservation_date <= '2025-2025-11-30'\n" rows_affected=0 rows_returned=0 elapsed=92.2µs elapsed_secs=9.22e-5
[2024-11-10][22:07:39][DEBUG][sqlx::query] summary="SELECT * FROM reservations …" db.statement="\n\nSELECT\n  *\nFROM\n  reservations\nWHERE\n  reservation_date >= '2025-10-01'\n  AND reservation_date <= '2025-2025-10-31'\n" rows_affected=0 rows_returned=0 elapsed=83µs elapsed_secs=8.3e-5
[2024-11-10][22:07:39][DEBUG][sqlx::query] summary="SELECT * FROM reservations …" db.statement="\n\nSELECT\n  *\nFROM\n  reservations\nWHERE\n  reservation_date >= '2025-09-01'\n  AND reservation_date <= '2025-2025-09-30'\n" rows_affected=0 rows_returned=0 elapsed=86.6µs elapsed_secs=8.66e-5
[2024-11-10][22:07:40][DEBUG][sqlx::query] summary="SELECT * FROM reservations …" db.statement="\n\nSELECT\n  *\nFROM\n  reservations\nWHERE\n  reservation_date >= '2025-08-01'\n  AND reservation_date <= '2025-2025-08-31'\n" rows_affected=0 rows_returned=0 elapsed=111.9µs elapsed_secs=0.0001119
[2024-11-10][22:07:40][DEBUG][sqlx::query] summary="SELECT * FROM reservations …" db.statement="\n\nSELECT\n  *\nFROM\n  reservations\nWHERE\n  reservation_date >= '2025-07-01'\n  AND reservation_date <= '2025-2025-07-31'\n" rows_affected=0 rows_returned=0 elapsed=114.2µs elapsed_secs=0.0001142
[2024-11-10][22:07:40][DEBUG][sqlx::query] summary="SELECT * FROM reservations …" db.statement="\n\nSELECT\n  *\nFROM\n  reservations\nWHERE\n  reservation_date >= '2025-06-01'\n  AND reservation_date <= '2025-2025-06-30'\n" rows_affected=0 rows_returned=0 elapsed=97.2µs elapsed_secs=9.72e-5
[2024-11-10][22:07:41][DEBUG][sqlx::query] summary="SELECT * FROM reservations …" db.statement="\n\nSELECT\n  *\nFROM\n  reservations\nWHERE\n  reservation_date >= '2025-05-01'\n  AND reservation_date <= '2025-2025-05-31'\n" rows_affected=0 rows_returned=0 elapsed=169.4µs elapsed_secs=0.0001694
[2024-11-10][22:07:41][DEBUG][sqlx::query] summary="SELECT * FROM reservations …" db.statement="\n\nSELECT\n  *\nFROM\n  reservations\nWHERE\n  reservation_date >= '2025-04-01'\n  AND reservation_date <= '2025-2025-04-30'\n" rows_affected=0 rows_returned=0 elapsed=76.8µs elapsed_secs=7.68e-5
[2024-11-10][22:07:41][DEBUG][sqlx::query] summary="SELECT * FROM reservations …" db.statement="\n\nSELECT\n  *\nFROM\n  reservations\nWHERE\n  reservation_date >= '2025-03-01'\n  AND reservation_date <= '2025-2025-03-31'\n" rows_affected=0 rows_returned=0 elapsed=97.2µs elapsed_secs=9.72e-5
[2024-11-10][22:07:41][DEBUG][sqlx::query] summary="SELECT * FROM reservations …" db.statement="\n\nSELECT\n  *\nFROM\n  reservations\nWHERE\n  reservation_date >= '2025-02-01'\n  AND reservation_date <= '2025-2025-02-28'\n" rows_affected=0 rows_returned=0 elapsed=96µs elapsed_secs=9.6e-5
[2024-11-10][22:07:42][DEBUG][sqlx::query] summary="SELECT * FROM reservations …" db.statement="\n\nSELECT\n  *\nFROM\n  reservations\nWHERE\n  reservation_date >= '2025-01-01'\n  AND reservation_date <= '2025-2025-01-31'\n" rows_affected=0 rows_returned=0 elapsed=79.9µs elapsed_secs=7.99e-5
[2024-11-10][22:07:42][DEBUG][sqlx::query] summary="SELECT * FROM reservations …" db.statement="\n\nSELECT\n  *\nFROM\n  reservations\nWHERE\n  reservation_date >= '2024-12-01'\n  AND reservation_date <= '2024-2024-12-31'\n" rows_affected=0 rows_returned=0 elapsed=94.2µs elapsed_secs=9.42e-5
[2024-11-10][22:07:42][DEBUG][sqlx::query] summary="SELECT * FROM reservations …" db.statement="\n\nSELECT\n  *\nFROM\n  reservations\nWHERE\n  reservation_date >= '2024-11-01'\n  AND reservation_date <= '2024-2024-11-30'\n" rows_affected=0 rows_returned=26 elapsed=307.5µs elapsed_secs=0.0003075
[2024-11-10][22:07:43][DEBUG][sqlx::query] summary="SELECT * FROM reservations …" db.statement="\n\nSELECT\n  *\nFROM\n  reservations\nWHERE\n  reservation_date >= '2024-10-01'\n  AND reservation_date <= '2024-2024-10-31'\n" rows_affected=0 rows_returned=26 elapsed=226.8µs elapsed_secs=0.0002268
[2024-11-10][22:07:44][DEBUG][sqlx::query] summary="SELECT * FROM reservations …" db.statement="\n\nSELECT\n  *\nFROM\n  reservations\nWHERE\n  reservation_date >= '2024-11-01'\n  AND reservation_date <= '2024-2024-11-30'\n" rows_affected=0 rows_returned=26 elapsed=229.3µs elapsed_secs=0.0002293
[2024-11-10][22:08:35][WARN][tao::platform_impl::platform::event_loop::runner] NewEvents emitted without explicit RedrawEventsCleared
[2024-11-10][22:08:35][WARN][tao::platform_impl::platform::event_loop::runner] RedrawEventsCleared emitted without explicit MainEventsCleared
[2024-11-10][22:09:10][INFO][webview::unknown] check user
[2024-11-10][22:09:10][DEBUG][sqlx::query] summary="PRAGMA foreign_keys = ON; …" db.statement="\n\nPRAGMA foreign_keys = ON;\n" rows_affected=0 rows_returned=0 elapsed=66.9µs elapsed_secs=6.69e-5
[2024-11-10][22:09:10][DEBUG][sqlx::query] summary="CREATE TABLE IF NOT …" db.statement="\n\nCREATE TABLE IF NOT EXISTS _sqlx_migrations (\n  version BIGINT PRIMARY KEY,\n  description TEXT NOT NULL,\n  installed_on TIMESTAMP NOT NULL DEFAULT CURRENT_TIMESTAMP,\n  success BOOLEAN NOT NULL,\n  checksum BLOB NOT NULL,\n  execution_time BIGINT NOT NULL\n);\n" rows_affected=0 rows_returned=0 elapsed=428.8µs elapsed_secs=0.0004288
[2024-11-10][22:09:10][DEBUG][sqlx::query] summary="SELECT version FROM _sqlx_migrations …" db.statement="\n\nSELECT\n  version\nFROM\n  _sqlx_migrations\nWHERE\n  success = false\nORDER BY\n  version\nLIMIT\n  1\n" rows_affected=0 rows_returned=0 elapsed=166.5µs elapsed_secs=0.0001665
[2024-11-10][22:09:10][DEBUG][sqlx::query] summary="SELECT version, checksum FROM …" db.statement="\n\nSELECT\n  version,\n  checksum\nFROM\n  _sqlx_migrations\nORDER BY\n  version\n" rows_affected=0 rows_returned=1 elapsed=129.5µs elapsed_secs=0.0001295
[2024-11-10][22:09:10][DEBUG][sqlx::query] summary="SELECT * FROM reservations …" db.statement="\n\nSELECT\n  *\nFROM\n  reservations\nWHERE\n  reservation_date >= '2024-11-01'\n  AND reservation_date <= '2024-2024-11-30'\n" rows_affected=0 rows_returned=26 elapsed=577.8µs elapsed_secs=0.0005778
[2024-11-10][22:09:10][DEBUG][sqlx::query] summary="SELECT * FROM visitings …" db.statement="\n\nSELECT\n  *\nFROM\n  visitings\nWHERE\n  visit_user = $1\n  AND visit_machine = $2\n" rows_affected=0 rows_returned=1 elapsed=181µs elapsed_secs=0.000181
[2024-11-10][22:09:10][DEBUG][sqlx::query] summary="SELECT * FROM stations" db.statement="" rows_affected=0 rows_returned=20 elapsed=291µs elapsed_secs=0.000291
[2024-11-10][22:09:16][INFO][webview::unknown] check user
[2024-11-10][22:09:16][DEBUG][sqlx::query] summary="PRAGMA foreign_keys = ON; …" db.statement="\n\nPRAGMA foreign_keys = ON;\n" rows_affected=0 rows_returned=0 elapsed=66.2µs elapsed_secs=6.62e-5
[2024-11-10][22:09:16][DEBUG][sqlx::query] summary="CREATE TABLE IF NOT …" db.statement="\n\nCREATE TABLE IF NOT EXISTS _sqlx_migrations (\n  version BIGINT PRIMARY KEY,\n  description TEXT NOT NULL,\n  installed_on TIMESTAMP NOT NULL DEFAULT CURRENT_TIMESTAMP,\n  success BOOLEAN NOT NULL,\n  checksum BLOB NOT NULL,\n  execution_time BIGINT NOT NULL\n);\n" rows_affected=0 rows_returned=0 elapsed=457µs elapsed_secs=0.000457
[2024-11-10][22:09:16][DEBUG][sqlx::query] summary="SELECT version FROM _sqlx_migrations …" db.statement="\n\nSELECT\n  version\nFROM\n  _sqlx_migrations\nWHERE\n  success = false\nORDER BY\n  version\nLIMIT\n  1\n" rows_affected=0 rows_returned=0 elapsed=177.3µs elapsed_secs=0.0001773
[2024-11-10][22:09:16][DEBUG][sqlx::query] summary="SELECT version, checksum FROM …" db.statement="\n\nSELECT\n  version,\n  checksum\nFROM\n  _sqlx_migrations\nORDER BY\n  version\n" rows_affected=0 rows_returned=1 elapsed=128.2µs elapsed_secs=0.0001282
[2024-11-10][22:09:16][DEBUG][sqlx::query] summary="SELECT * FROM reservations …" db.statement="\n\nSELECT\n  *\nFROM\n  reservations\nWHERE\n  reservation_date >= '2024-11-01'\n  AND reservation_date <= '2024-2024-11-30'\n" rows_affected=0 rows_returned=26 elapsed=370.7µs elapsed_secs=0.0003707
[2024-11-10][22:09:16][DEBUG][sqlx::query] summary="SELECT * FROM visitings …" db.statement="\n\nSELECT\n  *\nFROM\n  visitings\nWHERE\n  visit_user = $1\n  AND visit_machine = $2\n" rows_affected=0 rows_returned=1 elapsed=240µs elapsed_secs=0.00024
[2024-11-10][22:09:16][DEBUG][sqlx::query] summary="SELECT * FROM stations" db.statement="" rows_affected=0 rows_returned=20 elapsed=379.4µs elapsed_secs=0.0003794
[2024-11-10][22:09:17][INFO][webview::unknown] check user
[2024-11-10][22:09:17][DEBUG][sqlx::query] summary="PRAGMA foreign_keys = ON; …" db.statement="\n\nPRAGMA foreign_keys = ON;\n" rows_affected=0 rows_returned=0 elapsed=75.6µs elapsed_secs=7.56e-5
[2024-11-10][22:09:17][DEBUG][sqlx::query] summary="CREATE TABLE IF NOT …" db.statement="\n\nCREATE TABLE IF NOT EXISTS _sqlx_migrations (\n  version BIGINT PRIMARY KEY,\n  description TEXT NOT NULL,\n  installed_on TIMESTAMP NOT NULL DEFAULT CURRENT_TIMESTAMP,\n  success BOOLEAN NOT NULL,\n  checksum BLOB NOT NULL,\n  execution_time BIGINT NOT NULL\n);\n" rows_affected=0 rows_returned=0 elapsed=419.2µs elapsed_secs=0.0004192
[2024-11-10][22:09:17][DEBUG][sqlx::query] summary="SELECT version FROM _sqlx_migrations …" db.statement="\n\nSELECT\n  version\nFROM\n  _sqlx_migrations\nWHERE\n  success = false\nORDER BY\n  version\nLIMIT\n  1\n" rows_affected=0 rows_returned=0 elapsed=242.9µs elapsed_secs=0.0002429
[2024-11-10][22:09:17][DEBUG][sqlx::query] summary="SELECT version, checksum FROM …" db.statement="\n\nSELECT\n  version,\n  checksum\nFROM\n  _sqlx_migrations\nORDER BY\n  version\n" rows_affected=0 rows_returned=1 elapsed=95µs elapsed_secs=9.5e-5
[2024-11-10][22:09:17][DEBUG][sqlx::query] summary="SELECT * FROM reservations …" db.statement="\n\nSELECT\n  *\nFROM\n  reservations\nWHERE\n  reservation_date >= '2024-11-01'\n  AND reservation_date <= '2024-2024-11-30'\n" rows_affected=0 rows_returned=26 elapsed=719.6µs elapsed_secs=0.0007196
[2024-11-10][22:09:17][DEBUG][sqlx::query] summary="SELECT * FROM visitings …" db.statement="\n\nSELECT\n  *\nFROM\n  visitings\nWHERE\n  visit_user = $1\n  AND visit_machine = $2\n" rows_affected=0 rows_returned=1 elapsed=286.3µs elapsed_secs=0.0002863
[2024-11-10][22:09:17][DEBUG][sqlx::query] summary="SELECT * FROM stations" db.statement="" rows_affected=0 rows_returned=20 elapsed=202.7µs elapsed_secs=0.0002027
[2024-11-10][22:09:22][INFO][webview::unknown] check user
[2024-11-10][22:09:22][DEBUG][sqlx::query] summary="PRAGMA foreign_keys = ON; …" db.statement="\n\nPRAGMA foreign_keys = ON;\n" rows_affected=0 rows_returned=0 elapsed=69.3µs elapsed_secs=6.93e-5
[2024-11-10][22:09:22][DEBUG][sqlx::query] summary="CREATE TABLE IF NOT …" db.statement="\n\nCREATE TABLE IF NOT EXISTS _sqlx_migrations (\n  version BIGINT PRIMARY KEY,\n  description TEXT NOT NULL,\n  installed_on TIMESTAMP NOT NULL DEFAULT CURRENT_TIMESTAMP,\n  success BOOLEAN NOT NULL,\n  checksum BLOB NOT NULL,\n  execution_time BIGINT NOT NULL\n);\n" rows_affected=0 rows_returned=0 elapsed=604.5µs elapsed_secs=0.0006045
[2024-11-10][22:09:22][DEBUG][sqlx::query] summary="SELECT version FROM _sqlx_migrations …" db.statement="\n\nSELECT\n  version\nFROM\n  _sqlx_migrations\nWHERE\n  success = false\nORDER BY\n  version\nLIMIT\n  1\n" rows_affected=0 rows_returned=0 elapsed=176.2µs elapsed_secs=0.0001762
[2024-11-10][22:09:22][DEBUG][sqlx::query] summary="SELECT version, checksum FROM …" db.statement="\n\nSELECT\n  version,\n  checksum\nFROM\n  _sqlx_migrations\nORDER BY\n  version\n" rows_affected=0 rows_returned=1 elapsed=97.4µs elapsed_secs=9.74e-5
[2024-11-10][22:09:22][DEBUG][sqlx::query] summary="SELECT * FROM reservations …" db.statement="\n\nSELECT\n  *\nFROM\n  reservations\nWHERE\n  reservation_date >= '2024-11-01'\n  AND reservation_date <= '2024-2024-11-30'\n" rows_affected=0 rows_returned=26 elapsed=628.2µs elapsed_secs=0.0006282
[2024-11-10][22:09:22][DEBUG][sqlx::query] summary="SELECT * FROM visitings …" db.statement="\n\nSELECT\n  *\nFROM\n  visitings\nWHERE\n  visit_user = $1\n  AND visit_machine = $2\n" rows_affected=0 rows_returned=1 elapsed=235.6µs elapsed_secs=0.0002356
[2024-11-10][22:09:22][DEBUG][sqlx::query] summary="SELECT * FROM stations" db.statement="" rows_affected=0 rows_returned=20 elapsed=306.6µs elapsed_secs=0.0003066
[2024-11-10][22:09:45][INFO][webview::unknown] check user
[2024-11-10][22:09:45][DEBUG][sqlx::query] summary="PRAGMA foreign_keys = ON; …" db.statement="\n\nPRAGMA foreign_keys = ON;\n" rows_affected=0 rows_returned=0 elapsed=98.6µs elapsed_secs=9.86e-5
[2024-11-10][22:09:45][DEBUG][sqlx::query] summary="CREATE TABLE IF NOT …" db.statement="\n\nCREATE TABLE IF NOT EXISTS _sqlx_migrations (\n  version BIGINT PRIMARY KEY,\n  description TEXT NOT NULL,\n  installed_on TIMESTAMP NOT NULL DEFAULT CURRENT_TIMESTAMP,\n  success BOOLEAN NOT NULL,\n  checksum BLOB NOT NULL,\n  execution_time BIGINT NOT NULL\n);\n" rows_affected=0 rows_returned=0 elapsed=962.5µs elapsed_secs=0.0009625
[2024-11-10][22:09:45][DEBUG][sqlx::query] summary="SELECT version FROM _sqlx_migrations …" db.statement="\n\nSELECT\n  version\nFROM\n  _sqlx_migrations\nWHERE\n  success = false\nORDER BY\n  version\nLIMIT\n  1\n" rows_affected=0 rows_returned=0 elapsed=160.3µs elapsed_secs=0.0001603
[2024-11-10][22:09:45][DEBUG][sqlx::query] summary="SELECT version, checksum FROM …" db.statement="\n\nSELECT\n  version,\n  checksum\nFROM\n  _sqlx_migrations\nORDER BY\n  version\n" rows_affected=0 rows_returned=1 elapsed=105.5µs elapsed_secs=0.0001055
[2024-11-10][22:09:45][DEBUG][sqlx::query] summary="SELECT * FROM reservations …" db.statement="\n\nSELECT\n  *\nFROM\n  reservations\nWHERE\n  reservation_date >= '2024-11-01'\n  AND reservation_date <= '2024-2024-11-30'\n" rows_affected=0 rows_returned=26 elapsed=384.8µs elapsed_secs=0.0003848
[2024-11-10][22:09:45][DEBUG][sqlx::query] summary="SELECT * FROM stations" db.statement="" rows_affected=0 rows_returned=20 elapsed=168.6µs elapsed_secs=0.0001686
[2024-11-10][22:09:45][DEBUG][sqlx::query] summary="SELECT * FROM visitings …" db.statement="\n\nSELECT\n  *\nFROM\n  visitings\nWHERE\n  visit_user = $1\n  AND visit_machine = $2\n" rows_affected=0 rows_returned=1 elapsed=213.4µs elapsed_secs=0.0002134
[2024-11-10][22:10:14][INFO][webview::unknown] check user
[2024-11-10][22:10:14][DEBUG][sqlx::query] summary="SELECT * FROM reservations …" db.statement="\n\nSELECT\n  *\nFROM\n  reservations\nWHERE\n  reservation_date >= '2024-11-01'\n  AND reservation_date <= '2024-2024-11-30'\n" rows_affected=0 rows_returned=26 elapsed=255.4µs elapsed_secs=0.0002554
[2024-11-10][22:10:14][DEBUG][sqlx::query] summary="SELECT * FROM visitings …" db.statement="\n\nSELECT\n  *\nFROM\n  visitings\nWHERE\n  visit_user = $1\n  AND visit_machine = $2\n" rows_affected=0 rows_returned=1 elapsed=117.5µs elapsed_secs=0.0001175
[2024-11-10][22:11:06][DEBUG][sqlx::query] summary="SELECT * FROM reservations …" db.statement="\n\nSELECT\n  *\nFROM\n  reservations\nWHERE\n  reservation_date = $1\n" rows_affected=0 rows_returned=7 elapsed=323.5µs elapsed_secs=0.0003235
[2024-11-10][22:11:06][DEBUG][sqlx::query] summary="SELECT * FROM stations" db.statement="" rows_affected=0 rows_returned=20 elapsed=120.9µs elapsed_secs=0.0001209
[2024-11-10][22:11:06][DEBUG][sqlx::query] summary="SELECT * FROM reservations …" db.statement="\n\nSELECT\n  *\nFROM\n  reservations\nWHERE\n  reservation_date = $1\n" rows_affected=0 rows_returned=7 elapsed=126.9µs elapsed_secs=0.0001269
[2024-11-10][22:11:06][DEBUG][sqlx::query] summary="SELECT * FROM visitings …" db.statement="\n\nSELECT\n  *\nFROM\n  visitings\nWHERE\n  visit_user = $1\n  AND visit_machine = $2\n" rows_affected=0 rows_returned=1 elapsed=94.7µs elapsed_secs=9.47e-5
[2024-11-10][22:13:40][DEBUG][sqlx::query] summary="PRAGMA foreign_keys = ON; …" db.statement="\n\nPRAGMA foreign_keys = ON;\n" rows_affected=0 rows_returned=0 elapsed=63.9µs elapsed_secs=6.39e-5
[2024-11-10][22:13:40][DEBUG][sqlx::query] summary="SELECT * FROM reservations …" db.statement="\n\nSELECT\n  *\nFROM\n  reservations\nWHERE\n  reservation_date = $1\n" rows_affected=0 rows_returned=7 elapsed=846.7µs elapsed_secs=0.0008467
[2024-11-10][22:13:40][DEBUG][sqlx::query] summary="SELECT * FROM stations" db.statement="" rows_affected=0 rows_returned=20 elapsed=166.1µs elapsed_secs=0.0001661
[2024-11-10][22:13:40][DEBUG][sqlx::query] summary="SELECT * FROM reservations …" db.statement="\n\nSELECT\n  *\nFROM\n  reservations\nWHERE\n  reservation_date = $1\n" rows_affected=0 rows_returned=7 elapsed=90.4µs elapsed_secs=9.04e-5
[2024-11-10][22:13:40][DEBUG][sqlx::query] summary="SELECT * FROM stations" db.statement="" rows_affected=0 rows_returned=20 elapsed=253.2µs elapsed_secs=0.0002532
[2024-11-10][22:13:40][DEBUG][sqlx::query] summary="SELECT * FROM visitings …" db.statement="\n\nSELECT\n  *\nFROM\n  visitings\nWHERE\n  visit_user = $1\n  AND visit_machine = $2\n" rows_affected=0 rows_returned=1 elapsed=226.2µs elapsed_secs=0.0002262
[2024-11-10][22:23:05][DEBUG][sqlx::query] summary="PRAGMA foreign_keys = ON; …" db.statement="\n\nPRAGMA foreign_keys = ON;\n" rows_affected=0 rows_returned=0 elapsed=54.7µs elapsed_secs=5.47e-5
[2024-11-10][22:23:05][DEBUG][sqlx::query] summary="SELECT * FROM reservations …" db.statement="\n\nSELECT\n  *\nFROM\n  reservations\nWHERE\n  reservation_date = $1\n" rows_affected=0 rows_returned=7 elapsed=723.2µs elapsed_secs=0.0007232
[2024-11-10][22:23:05][DEBUG][sqlx::query] summary="SELECT * FROM stations" db.statement="" rows_affected=0 rows_returned=20 elapsed=140.5µs elapsed_secs=0.0001405
[2024-11-10][22:23:05][DEBUG][sqlx::query] summary="SELECT * FROM reservations …" db.statement="\n\nSELECT\n  *\nFROM\n  reservations\nWHERE\n  reservation_date = $1\n" rows_affected=0 rows_returned=7 elapsed=172.4µs elapsed_secs=0.0001724
[2024-11-10][22:23:05][DEBUG][sqlx::query] summary="SELECT * FROM stations" db.statement="" rows_affected=0 rows_returned=20 elapsed=131.1µs elapsed_secs=0.0001311
[2024-11-10][22:23:05][DEBUG][sqlx::query] summary="SELECT * FROM visitings …" db.statement="\n\nSELECT\n  *\nFROM\n  visitings\nWHERE\n  visit_user = $1\n  AND visit_machine = $2\n" rows_affected=0 rows_returned=1 elapsed=312.7µs elapsed_secs=0.0003127
[2024-11-10][22:23:08][INFO][webview::unknown] check user
[2024-11-10][22:23:08][DEBUG][sqlx::query] summary="PRAGMA foreign_keys = ON; …" db.statement="\n\nPRAGMA foreign_keys = ON;\n" rows_affected=0 rows_returned=0 elapsed=100µs elapsed_secs=0.0001
[2024-11-10][22:23:08][DEBUG][sqlx::query] summary="CREATE TABLE IF NOT …" db.statement="\n\nCREATE TABLE IF NOT EXISTS _sqlx_migrations (\n  version BIGINT PRIMARY KEY,\n  description TEXT NOT NULL,\n  installed_on TIMESTAMP NOT NULL DEFAULT CURRENT_TIMESTAMP,\n  success BOOLEAN NOT NULL,\n  checksum BLOB NOT NULL,\n  execution_time BIGINT NOT NULL\n);\n" rows_affected=0 rows_returned=0 elapsed=5.6862ms elapsed_secs=0.0056862
[2024-11-10][22:23:08][DEBUG][sqlx::query] summary="SELECT version FROM _sqlx_migrations …" db.statement="\n\nSELECT\n  version\nFROM\n  _sqlx_migrations\nWHERE\n  success = false\nORDER BY\n  version\nLIMIT\n  1\n" rows_affected=0 rows_returned=0 elapsed=182.3µs elapsed_secs=0.0001823
[2024-11-10][22:23:08][DEBUG][sqlx::query] summary="SELECT version, checksum FROM …" db.statement="\n\nSELECT\n  version,\n  checksum\nFROM\n  _sqlx_migrations\nORDER BY\n  version\n" rows_affected=0 rows_returned=1 elapsed=99.7µs elapsed_secs=9.97e-5
[2024-11-10][22:23:08][DEBUG][sqlx::query] summary="SELECT * FROM reservations …" db.statement="\n\nSELECT\n  *\nFROM\n  reservations\nWHERE\n  reservation_date >= '2024-11-01'\n  AND reservation_date <= '2024-2024-11-30'\n" rows_affected=0 rows_returned=26 elapsed=437.2µs elapsed_secs=0.0004372
[2024-11-10][22:23:08][DEBUG][sqlx::query] summary="SELECT * FROM visitings …" db.statement="\n\nSELECT\n  *\nFROM\n  visitings\nWHERE\n  visit_user = $1\n  AND visit_machine = $2\n" rows_affected=0 rows_returned=1 elapsed=271.7µs elapsed_secs=0.0002717
[2024-11-10][22:23:08][DEBUG][sqlx::query] summary="SELECT * FROM stations" db.statement="" rows_affected=0 rows_returned=20 elapsed=219.7µs elapsed_secs=0.0002197
[2024-11-10][22:23:12][INFO][webview::unknown] check user
[2024-11-10][22:23:12][DEBUG][sqlx::query] summary="PRAGMA foreign_keys = ON; …" db.statement="\n\nPRAGMA foreign_keys = ON;\n" rows_affected=0 rows_returned=0 elapsed=97.4µs elapsed_secs=9.74e-5
[2024-11-10][22:23:12][DEBUG][sqlx::query] summary="CREATE TABLE IF NOT …" db.statement="\n\nCREATE TABLE IF NOT EXISTS _sqlx_migrations (\n  version BIGINT PRIMARY KEY,\n  description TEXT NOT NULL,\n  installed_on TIMESTAMP NOT NULL DEFAULT CURRENT_TIMESTAMP,\n  success BOOLEAN NOT NULL,\n  checksum BLOB NOT NULL,\n  execution_time BIGINT NOT NULL\n);\n" rows_affected=0 rows_returned=0 elapsed=5.9349ms elapsed_secs=0.0059349
[2024-11-10][22:23:12][DEBUG][sqlx::query] summary="SELECT version FROM _sqlx_migrations …" db.statement="\n\nSELECT\n  version\nFROM\n  _sqlx_migrations\nWHERE\n  success = false\nORDER BY\n  version\nLIMIT\n  1\n" rows_affected=0 rows_returned=0 elapsed=201µs elapsed_secs=0.000201
[2024-11-10][22:23:12][DEBUG][sqlx::query] summary="SELECT version, checksum FROM …" db.statement="\n\nSELECT\n  version,\n  checksum\nFROM\n  _sqlx_migrations\nORDER BY\n  version\n" rows_affected=0 rows_returned=1 elapsed=111.4µs elapsed_secs=0.0001114
[2024-11-10][22:23:12][DEBUG][sqlx::query] summary="SELECT * FROM reservations …" db.statement="\n\nSELECT\n  *\nFROM\n  reservations\nWHERE\n  reservation_date >= '2024-11-01'\n  AND reservation_date <= '2024-2024-11-30'\n" rows_affected=0 rows_returned=26 elapsed=752.7µs elapsed_secs=0.0007527
[2024-11-10][22:23:12][DEBUG][sqlx::query] summary="SELECT * FROM visitings …" db.statement="\n\nSELECT\n  *\nFROM\n  visitings\nWHERE\n  visit_user = $1\n  AND visit_machine = $2\n" rows_affected=0 rows_returned=1 elapsed=238.9µs elapsed_secs=0.0002389
[2024-11-10][22:23:12][DEBUG][sqlx::query] summary="SELECT * FROM stations" db.statement="" rows_affected=0 rows_returned=20 elapsed=197.6µs elapsed_secs=0.0001976
[2024-11-10][22:23:26][INFO][webview::unknown] check user
[2024-11-10][22:23:26][DEBUG][sqlx::query] summary="PRAGMA foreign_keys = ON; …" db.statement="\n\nPRAGMA foreign_keys = ON;\n" rows_affected=0 rows_returned=0 elapsed=105.6µs elapsed_secs=0.0001056
[2024-11-10][22:23:26][DEBUG][sqlx::query] summary="CREATE TABLE IF NOT …" db.statement="\n\nCREATE TABLE IF NOT EXISTS _sqlx_migrations (\n  version BIGINT PRIMARY KEY,\n  description TEXT NOT NULL,\n  installed_on TIMESTAMP NOT NULL DEFAULT CURRENT_TIMESTAMP,\n  success BOOLEAN NOT NULL,\n  checksum BLOB NOT NULL,\n  execution_time BIGINT NOT NULL\n);\n" rows_affected=0 rows_returned=0 elapsed=5.889ms elapsed_secs=0.005889
[2024-11-10][22:23:26][DEBUG][sqlx::query] summary="SELECT version FROM _sqlx_migrations …" db.statement="\n\nSELECT\n  version\nFROM\n  _sqlx_migrations\nWHERE\n  success = false\nORDER BY\n  version\nLIMIT\n  1\n" rows_affected=0 rows_returned=0 elapsed=167.4µs elapsed_secs=0.0001674
[2024-11-10][22:23:26][DEBUG][sqlx::query] summary="SELECT version, checksum FROM …" db.statement="\n\nSELECT\n  version,\n  checksum\nFROM\n  _sqlx_migrations\nORDER BY\n  version\n" rows_affected=0 rows_returned=1 elapsed=87.8µs elapsed_secs=8.78e-5
[2024-11-10][22:23:26][DEBUG][sqlx::query] summary="SELECT * FROM reservations …" db.statement="\n\nSELECT\n  *\nFROM\n  reservations\nWHERE\n  reservation_date >= '2024-11-01'\n  AND reservation_date <= '2024-2024-11-30'\n" rows_affected=0 rows_returned=26 elapsed=790.7µs elapsed_secs=0.0007907
[2024-11-10][22:23:26][DEBUG][sqlx::query] summary="SELECT * FROM visitings …" db.statement="\n\nSELECT\n  *\nFROM\n  visitings\nWHERE\n  visit_user = $1\n  AND visit_machine = $2\n" rows_affected=0 rows_returned=1 elapsed=273µs elapsed_secs=0.000273
[2024-11-10][22:23:26][DEBUG][sqlx::query] summary="SELECT * FROM stations" db.statement="" rows_affected=0 rows_returned=20 elapsed=236.7µs elapsed_secs=0.0002367
[2024-11-10][22:23:53][INFO][webview::unknown] check user
[2024-11-10][22:23:53][DEBUG][sqlx::query] summary="SELECT * FROM reservations …" db.statement="\n\nSELECT\n  *\nFROM\n  reservations\nWHERE\n  reservation_date >= '2024-11-01'\n  AND reservation_date <= '2024-2024-11-30'\n" rows_affected=0 rows_returned=26 elapsed=579.9µs elapsed_secs=0.0005799
[2024-11-10][22:23:53][DEBUG][sqlx::query] summary="SELECT * FROM visitings …" db.statement="\n\nSELECT\n  *\nFROM\n  visitings\nWHERE\n  visit_user = $1\n  AND visit_machine = $2\n" rows_affected=0 rows_returned=1 elapsed=131.4µs elapsed_secs=0.0001314
[2024-11-10][22:24:02][INFO][webview::unknown] check user
[2024-11-10][22:24:02][DEBUG][sqlx::query] summary="SELECT * FROM reservations …" db.statement="\n\nSELECT\n  *\nFROM\n  reservations\nWHERE\n  reservation_date >= '2024-11-01'\n  AND reservation_date <= '2024-2024-11-30'\n" rows_affected=0 rows_returned=26 elapsed=520.9µs elapsed_secs=0.0005209
[2024-11-10][22:24:02][DEBUG][sqlx::query] summary="SELECT * FROM visitings …" db.statement="\n\nSELECT\n  *\nFROM\n  visitings\nWHERE\n  visit_user = $1\n  AND visit_machine = $2\n" rows_affected=0 rows_returned=1 elapsed=131.5µs elapsed_secs=0.0001315
[2024-11-10][22:24:09][INFO][webview::unknown] check user
[2024-11-10][22:24:09][DEBUG][sqlx::query] summary="SELECT * FROM reservations …" db.statement="\n\nSELECT\n  *\nFROM\n  reservations\nWHERE\n  reservation_date >= '2024-11-01'\n  AND reservation_date <= '2024-2024-11-30'\n" rows_affected=0 rows_returned=26 elapsed=391.8µs elapsed_secs=0.0003918
[2024-11-10][22:24:09][DEBUG][sqlx::query] summary="SELECT * FROM visitings …" db.statement="\n\nSELECT\n  *\nFROM\n  visitings\nWHERE\n  visit_user = $1\n  AND visit_machine = $2\n" rows_affected=0 rows_returned=1 elapsed=119.3µs elapsed_secs=0.0001193
[2024-11-10][22:24:21][INFO][webview::unknown] check user
[2024-11-10][22:24:21][DEBUG][sqlx::query] summary="SELECT * FROM reservations …" db.statement="\n\nSELECT\n  *\nFROM\n  reservations\nWHERE\n  reservation_date >= '2024-11-01'\n  AND reservation_date <= '2024-2024-11-30'\n" rows_affected=0 rows_returned=26 elapsed=547.8µs elapsed_secs=0.0005478
[2024-11-10][22:24:21][DEBUG][sqlx::query] summary="SELECT * FROM visitings …" db.statement="\n\nSELECT\n  *\nFROM\n  visitings\nWHERE\n  visit_user = $1\n  AND visit_machine = $2\n" rows_affected=0 rows_returned=1 elapsed=131.9µs elapsed_secs=0.0001319
[2024-11-10][22:24:24][INFO][webview::unknown] check user
[2024-11-10][22:24:24][DEBUG][sqlx::query] summary="SELECT * FROM reservations …" db.statement="\n\nSELECT\n  *\nFROM\n  reservations\nWHERE\n  reservation_date >= '2024-11-01'\n  AND reservation_date <= '2024-2024-11-30'\n" rows_affected=0 rows_returned=26 elapsed=539µs elapsed_secs=0.000539
[2024-11-10][22:24:24][DEBUG][sqlx::query] summary="SELECT * FROM visitings …" db.statement="\n\nSELECT\n  *\nFROM\n  visitings\nWHERE\n  visit_user = $1\n  AND visit_machine = $2\n" rows_affected=0 rows_returned=1 elapsed=138.3µs elapsed_secs=0.0001383
[2024-11-10][22:24:29][INFO][webview::unknown] check user
[2024-11-10][22:24:29][DEBUG][sqlx::query] summary="SELECT * FROM reservations …" db.statement="\n\nSELECT\n  *\nFROM\n  reservations\nWHERE\n  reservation_date >= '2024-11-01'\n  AND reservation_date <= '2024-2024-11-30'\n" rows_affected=0 rows_returned=26 elapsed=492.5µs elapsed_secs=0.0004925
[2024-11-10][22:24:29][DEBUG][sqlx::query] summary="SELECT * FROM visitings …" db.statement="\n\nSELECT\n  *\nFROM\n  visitings\nWHERE\n  visit_user = $1\n  AND visit_machine = $2\n" rows_affected=0 rows_returned=1 elapsed=141µs elapsed_secs=0.000141
[2024-11-10][22:24:59][INFO][webview::unknown] check user
[2024-11-10][22:24:59][DEBUG][sqlx::query] summary="SELECT * FROM reservations …" db.statement="\n\nSELECT\n  *\nFROM\n  reservations\nWHERE\n  reservation_date >= '2024-11-01'\n  AND reservation_date <= '2024-2024-11-30'\n" rows_affected=0 rows_returned=26 elapsed=340.6µs elapsed_secs=0.0003406
[2024-11-10][22:24:59][DEBUG][sqlx::query] summary="SELECT * FROM visitings …" db.statement="\n\nSELECT\n  *\nFROM\n  visitings\nWHERE\n  visit_user = $1\n  AND visit_machine = $2\n" rows_affected=0 rows_returned=1 elapsed=119.1µs elapsed_secs=0.0001191
[2024-11-10][22:25:03][WARN][tao::platform_impl::platform::event_loop::runner] NewEvents emitted without explicit RedrawEventsCleared
[2024-11-10][22:25:03][WARN][tao::platform_impl::platform::event_loop::runner] RedrawEventsCleared emitted without explicit MainEventsCleared
[2024-11-10][22:26:11][DEBUG][sqlx::query] summary="SELECT * FROM reservations …" db.statement="\n\nSELECT\n  *\nFROM\n  reservations\nWHERE\n  reservation_date = $1\n" rows_affected=0 rows_returned=1 elapsed=409.5µs elapsed_secs=0.0004095
[2024-11-10][22:26:11][DEBUG][sqlx::query] summary="SELECT * FROM stations" db.statement="" rows_affected=0 rows_returned=20 elapsed=121.3µs elapsed_secs=0.0001213
[2024-11-10][22:26:11][DEBUG][sqlx::query] summary="SELECT * FROM reservations …" db.statement="\n\nSELECT\n  *\nFROM\n  reservations\nWHERE\n  reservation_date = $1\n" rows_affected=0 rows_returned=1 elapsed=201.6µs elapsed_secs=0.0002016
[2024-11-10][22:26:11][DEBUG][sqlx::query] summary="SELECT * FROM visitings …" db.statement="\n\nSELECT\n  *\nFROM\n  visitings\nWHERE\n  visit_user = $1\n  AND visit_machine = $2\n" rows_affected=0 rows_returned=1 elapsed=141.1µs elapsed_secs=0.0001411
[2024-11-10][22:26:24][DEBUG][sqlx::query] summary="SELECT * FROM reservations …" db.statement="\n\nSELECT\n  *\nFROM\n  reservations\nWHERE\n  reservation_date = $1\n" rows_affected=0 rows_returned=1 elapsed=144.4µs elapsed_secs=0.0001444
[2024-11-10][22:26:24][DEBUG][sqlx::query] summary="SELECT * FROM stations" db.statement="" rows_affected=0 rows_returned=20 elapsed=236.9µs elapsed_secs=0.0002369
[2024-11-10][22:26:24][DEBUG][sqlx::query] summary="SELECT * FROM reservations …" db.statement="\n\nSELECT\n  *\nFROM\n  reservations\nWHERE\n  reservation_date = $1\n" rows_affected=0 rows_returned=1 elapsed=104.7µs elapsed_secs=0.0001047
[2024-11-10][22:26:24][DEBUG][sqlx::query] summary="SELECT * FROM visitings …" db.statement="\n\nSELECT\n  *\nFROM\n  visitings\nWHERE\n  visit_user = $1\n  AND visit_machine = $2\n" rows_affected=0 rows_returned=1 elapsed=134.5µs elapsed_secs=0.0001345
[2024-11-10][22:26:42][DEBUG][sqlx::query] summary="SELECT * FROM stations …" db.statement="\n\nSELECT\n  *\nFROM\n  stations\nWHERE\n  id = $1\n" rows_affected=0 rows_returned=1 elapsed=197.7µs elapsed_secs=0.0001977
[2024-11-10][22:26:42][DEBUG][sqlx::query] summary="SELECT * FROM reservations …" db.statement="\n\nSELECT\n  *\nFROM\n  reservations\nWHERE\n  station_id = $1\n  AND reservation_date >= '2024-11-01'\n  AND reservation_date <= '2024-2024-11-30'\n" rows_affected=0 rows_returned=1 elapsed=188.1µs elapsed_secs=0.0001881
[2024-11-10][22:26:42][DEBUG][sqlx::query] summary="SELECT * FROM visitings …" db.statement="\n\nSELECT\n  *\nFROM\n  visitings\nWHERE\n  visit_user = $1\n  AND visit_machine = $2\n" rows_affected=0 rows_returned=1 elapsed=109.2µs elapsed_secs=0.0001092
[2024-11-10][22:27:28][DEBUG][sqlx::query] summary="SELECT * FROM stations …" db.statement="\n\nSELECT\n  *\nFROM\n  stations\nWHERE\n  id = $1\n" rows_affected=0 rows_returned=1 elapsed=179.7µs elapsed_secs=0.0001797
[2024-11-10][22:27:28][DEBUG][sqlx::query] summary="SELECT * FROM reservations …" db.statement="\n\nSELECT\n  *\nFROM\n  reservations\nWHERE\n  station_id = $1\n  AND reservation_date >= '2024-11-01'\n  AND reservation_date <= '2024-2024-11-30'\n" rows_affected=0 rows_returned=1 elapsed=169.8µs elapsed_secs=0.0001698
[2024-11-10][22:27:28][DEBUG][sqlx::query] summary="SELECT * FROM visitings …" db.statement="\n\nSELECT\n  *\nFROM\n  visitings\nWHERE\n  visit_user = $1\n  AND visit_machine = $2\n" rows_affected=0 rows_returned=1 elapsed=180.2µs elapsed_secs=0.0001802
[2024-11-10][22:27:31][DEBUG][sqlx::query] summary="SELECT * FROM stations …" db.statement="\n\nSELECT\n  *\nFROM\n  stations\nWHERE\n  id = $1\n" rows_affected=0 rows_returned=1 elapsed=131.3µs elapsed_secs=0.0001313
[2024-11-10][22:27:31][DEBUG][sqlx::query] summary="PRAGMA foreign_keys = ON; …" db.statement="\n\nPRAGMA foreign_keys = ON;\n" rows_affected=0 rows_returned=0 elapsed=105.2µs elapsed_secs=0.0001052
[2024-11-10][22:27:31][DEBUG][sqlx::query] summary="SELECT * FROM reservations …" db.statement="\n\nSELECT\n  *\nFROM\n  reservations\nWHERE\n  station_id = $1\n  AND reservation_date >= '2024-11-01'\n  AND reservation_date <= '2024-2024-11-30'\n" rows_affected=0 rows_returned=1 elapsed=1.1187ms elapsed_secs=0.0011187
[2024-11-10][22:27:31][DEBUG][sqlx::query] summary="SELECT * FROM visitings …" db.statement="\n\nSELECT\n  *\nFROM\n  visitings\nWHERE\n  visit_user = $1\n  AND visit_machine = $2\n" rows_affected=0 rows_returned=1 elapsed=86.4µs elapsed_secs=8.64e-5
[2024-11-10][22:27:33][DEBUG][sqlx::query] summary="SELECT * FROM stations …" db.statement="\n\nSELECT\n  *\nFROM\n  stations\nWHERE\n  id = $1\n" rows_affected=0 rows_returned=1 elapsed=444.5µs elapsed_secs=0.0004445
[2024-11-10][22:27:33][DEBUG][sqlx::query] summary="SELECT * FROM reservations …" db.statement="\n\nSELECT\n  *\nFROM\n  reservations\nWHERE\n  station_id = $1\n  AND reservation_date >= '2024-11-01'\n  AND reservation_date <= '2024-2024-11-30'\n" rows_affected=0 rows_returned=1 elapsed=156.2µs elapsed_secs=0.0001562
[2024-11-10][22:27:33][DEBUG][sqlx::query] summary="SELECT * FROM visitings …" db.statement="\n\nSELECT\n  *\nFROM\n  visitings\nWHERE\n  visit_user = $1\n  AND visit_machine = $2\n" rows_affected=0 rows_returned=1 elapsed=452.5µs elapsed_secs=0.0004525
[2024-11-10][22:27:37][DEBUG][sqlx::query] summary="SELECT * FROM stations …" db.statement="\n\nSELECT\n  *\nFROM\n  stations\nWHERE\n  id = $1\n" rows_affected=0 rows_returned=1 elapsed=151.8µs elapsed_secs=0.0001518
[2024-11-10][22:27:37][DEBUG][sqlx::query] summary="SELECT * FROM reservations …" db.statement="\n\nSELECT\n  *\nFROM\n  reservations\nWHERE\n  station_id = $1\n  AND reservation_date >= '2024-11-01'\n  AND reservation_date <= '2024-2024-11-30'\n" rows_affected=0 rows_returned=1 elapsed=97.7µs elapsed_secs=9.77e-5
[2024-11-10][22:27:37][DEBUG][sqlx::query] summary="SELECT * FROM visitings …" db.statement="\n\nSELECT\n  *\nFROM\n  visitings\nWHERE\n  visit_user = $1\n  AND visit_machine = $2\n" rows_affected=0 rows_returned=1 elapsed=129.9µs elapsed_secs=0.0001299
[2024-11-10][22:27:40][DEBUG][sqlx::query] summary="SELECT * FROM stations …" db.statement="\n\nSELECT\n  *\nFROM\n  stations\nWHERE\n  id = $1\n" rows_affected=0 rows_returned=1 elapsed=96.6µs elapsed_secs=9.66e-5
[2024-11-10][22:27:40][DEBUG][sqlx::query] summary="SELECT * FROM reservations …" db.statement="\n\nSELECT\n  *\nFROM\n  reservations\nWHERE\n  station_id = $1\n  AND reservation_date >= '2024-11-01'\n  AND reservation_date <= '2024-2024-11-30'\n" rows_affected=0 rows_returned=1 elapsed=135µs elapsed_secs=0.000135
[2024-11-10][22:27:40][DEBUG][sqlx::query] summary="SELECT * FROM visitings …" db.statement="\n\nSELECT\n  *\nFROM\n  visitings\nWHERE\n  visit_user = $1\n  AND visit_machine = $2\n" rows_affected=0 rows_returned=1 elapsed=136µs elapsed_secs=0.000136
[2024-11-10][22:27:43][DEBUG][sqlx::query] summary="SELECT * FROM stations …" db.statement="\n\nSELECT\n  *\nFROM\n  stations\nWHERE\n  id = $1\n" rows_affected=0 rows_returned=1 elapsed=133µs elapsed_secs=0.000133
[2024-11-10][22:27:43][DEBUG][sqlx::query] summary="SELECT * FROM reservations …" db.statement="\n\nSELECT\n  *\nFROM\n  reservations\nWHERE\n  station_id = $1\n  AND reservation_date >= '2024-11-01'\n  AND reservation_date <= '2024-2024-11-30'\n" rows_affected=0 rows_returned=1 elapsed=90.1µs elapsed_secs=9.01e-5
[2024-11-10][22:27:43][DEBUG][sqlx::query] summary="SELECT * FROM visitings …" db.statement="\n\nSELECT\n  *\nFROM\n  visitings\nWHERE\n  visit_user = $1\n  AND visit_machine = $2\n" rows_affected=0 rows_returned=1 elapsed=134µs elapsed_secs=0.000134
[2024-11-10][22:27:46][DEBUG][sqlx::query] summary="SELECT * FROM stations …" db.statement="\n\nSELECT\n  *\nFROM\n  stations\nWHERE\n  id = $1\n" rows_affected=0 rows_returned=1 elapsed=109µs elapsed_secs=0.000109
[2024-11-10][22:27:46][DEBUG][sqlx::query] summary="SELECT * FROM reservations …" db.statement="\n\nSELECT\n  *\nFROM\n  reservations\nWHERE\n  station_id = $1\n  AND reservation_date >= '2024-11-01'\n  AND reservation_date <= '2024-2024-11-30'\n" rows_affected=0 rows_returned=1 elapsed=117.3µs elapsed_secs=0.0001173
[2024-11-10][22:27:46][DEBUG][sqlx::query] summary="SELECT * FROM visitings …" db.statement="\n\nSELECT\n  *\nFROM\n  visitings\nWHERE\n  visit_user = $1\n  AND visit_machine = $2\n" rows_affected=0 rows_returned=1 elapsed=115.4µs elapsed_secs=0.0001154
[2024-11-10][22:27:49][DEBUG][sqlx::query] summary="SELECT * FROM stations …" db.statement="\n\nSELECT\n  *\nFROM\n  stations\nWHERE\n  id = $1\n" rows_affected=0 rows_returned=1 elapsed=142.4µs elapsed_secs=0.0001424
[2024-11-10][22:27:49][DEBUG][sqlx::query] summary="SELECT * FROM reservations …" db.statement="\n\nSELECT\n  *\nFROM\n  reservations\nWHERE\n  station_id = $1\n  AND reservation_date >= '2024-11-01'\n  AND reservation_date <= '2024-2024-11-30'\n" rows_affected=0 rows_returned=1 elapsed=144.2µs elapsed_secs=0.0001442
[2024-11-10][22:27:49][DEBUG][sqlx::query] summary="SELECT * FROM visitings …" db.statement="\n\nSELECT\n  *\nFROM\n  visitings\nWHERE\n  visit_user = $1\n  AND visit_machine = $2\n" rows_affected=0 rows_returned=1 elapsed=132.3µs elapsed_secs=0.0001323
[2024-11-10][22:27:50][DEBUG][sqlx::query] summary="SELECT * FROM stations …" db.statement="\n\nSELECT\n  *\nFROM\n  stations\nWHERE\n  id = $1\n" rows_affected=0 rows_returned=1 elapsed=103.6µs elapsed_secs=0.0001036
[2024-11-10][22:27:50][DEBUG][sqlx::query] summary="SELECT * FROM reservations …" db.statement="\n\nSELECT\n  *\nFROM\n  reservations\nWHERE\n  station_id = $1\n  AND reservation_date >= '2024-11-01'\n  AND reservation_date <= '2024-2024-11-30'\n" rows_affected=0 rows_returned=1 elapsed=151.8µs elapsed_secs=0.0001518
[2024-11-10][22:27:50][DEBUG][sqlx::query] summary="SELECT * FROM visitings …" db.statement="\n\nSELECT\n  *\nFROM\n  visitings\nWHERE\n  visit_user = $1\n  AND visit_machine = $2\n" rows_affected=0 rows_returned=1 elapsed=132.9µs elapsed_secs=0.0001329
[2024-11-10][22:27:55][DEBUG][sqlx::query] summary="SELECT * FROM stations …" db.statement="\n\nSELECT\n  *\nFROM\n  stations\nWHERE\n  id = $1\n" rows_affected=0 rows_returned=1 elapsed=113.5µs elapsed_secs=0.0001135
[2024-11-10][22:27:55][DEBUG][sqlx::query] summary="SELECT * FROM reservations …" db.statement="\n\nSELECT\n  *\nFROM\n  reservations\nWHERE\n  station_id = $1\n  AND reservation_date >= '2024-11-01'\n  AND reservation_date <= '2024-2024-11-30'\n" rows_affected=0 rows_returned=1 elapsed=172.2µs elapsed_secs=0.0001722
[2024-11-10][22:27:55][DEBUG][sqlx::query] summary="SELECT * FROM visitings …" db.statement="\n\nSELECT\n  *\nFROM\n  visitings\nWHERE\n  visit_user = $1\n  AND visit_machine = $2\n" rows_affected=0 rows_returned=1 elapsed=106.1µs elapsed_secs=0.0001061
[2024-11-10][22:28:00][DEBUG][sqlx::query] summary="SELECT * FROM stations …" db.statement="\n\nSELECT\n  *\nFROM\n  stations\nWHERE\n  id = $1\n" rows_affected=0 rows_returned=1 elapsed=94.5µs elapsed_secs=9.45e-5
[2024-11-10][22:28:00][DEBUG][sqlx::query] summary="SELECT * FROM reservations …" db.statement="\n\nSELECT\n  *\nFROM\n  reservations\nWHERE\n  station_id = $1\n  AND reservation_date >= '2024-11-01'\n  AND reservation_date <= '2024-2024-11-30'\n" rows_affected=0 rows_returned=1 elapsed=77.9µs elapsed_secs=7.79e-5
[2024-11-10][22:28:00][DEBUG][sqlx::query] summary="SELECT * FROM visitings …" db.statement="\n\nSELECT\n  *\nFROM\n  visitings\nWHERE\n  visit_user = $1\n  AND visit_machine = $2\n" rows_affected=0 rows_returned=1 elapsed=90.4µs elapsed_secs=9.04e-5
[2024-11-10][22:28:04][DEBUG][sqlx::query] summary="SELECT * FROM stations …" db.statement="\n\nSELECT\n  *\nFROM\n  stations\nWHERE\n  id = $1\n" rows_affected=0 rows_returned=1 elapsed=162.6µs elapsed_secs=0.0001626
[2024-11-10][22:28:04][DEBUG][sqlx::query] summary="SELECT * FROM reservations …" db.statement="\n\nSELECT\n  *\nFROM\n  reservations\nWHERE\n  station_id = $1\n  AND reservation_date >= '2024-11-01'\n  AND reservation_date <= '2024-2024-11-30'\n" rows_affected=0 rows_returned=1 elapsed=158.6µs elapsed_secs=0.0001586
[2024-11-10][22:28:04][DEBUG][sqlx::query] summary="SELECT * FROM visitings …" db.statement="\n\nSELECT\n  *\nFROM\n  visitings\nWHERE\n  visit_user = $1\n  AND visit_machine = $2\n" rows_affected=0 rows_returned=1 elapsed=125.4µs elapsed_secs=0.0001254
[2024-11-10][22:28:07][DEBUG][sqlx::query] summary="SELECT * FROM stations …" db.statement="\n\nSELECT\n  *\nFROM\n  stations\nWHERE\n  id = $1\n" rows_affected=0 rows_returned=1 elapsed=128.8µs elapsed_secs=0.0001288
[2024-11-10][22:28:07][DEBUG][sqlx::query] summary="SELECT * FROM reservations …" db.statement="\n\nSELECT\n  *\nFROM\n  reservations\nWHERE\n  station_id = $1\n  AND reservation_date >= '2024-11-01'\n  AND reservation_date <= '2024-2024-11-30'\n" rows_affected=0 rows_returned=1 elapsed=186µs elapsed_secs=0.000186
[2024-11-10][22:28:07][DEBUG][sqlx::query] summary="SELECT * FROM visitings …" db.statement="\n\nSELECT\n  *\nFROM\n  visitings\nWHERE\n  visit_user = $1\n  AND visit_machine = $2\n" rows_affected=0 rows_returned=1 elapsed=100.2µs elapsed_secs=0.0001002
[2024-11-10][22:28:17][DEBUG][sqlx::query] summary="SELECT * FROM stations …" db.statement="\n\nSELECT\n  *\nFROM\n  stations\nWHERE\n  id = $1\n" rows_affected=0 rows_returned=1 elapsed=132.2µs elapsed_secs=0.0001322
[2024-11-10][22:28:17][DEBUG][sqlx::query] summary="SELECT * FROM reservations …" db.statement="\n\nSELECT\n  *\nFROM\n  reservations\nWHERE\n  station_id = $1\n  AND reservation_date >= '2024-11-01'\n  AND reservation_date <= '2024-2024-11-30'\n" rows_affected=0 rows_returned=1 elapsed=86.5µs elapsed_secs=8.65e-5
[2024-11-10][22:28:17][DEBUG][sqlx::query] summary="SELECT * FROM visitings …" db.statement="\n\nSELECT\n  *\nFROM\n  visitings\nWHERE\n  visit_user = $1\n  AND visit_machine = $2\n" rows_affected=0 rows_returned=1 elapsed=114.9µs elapsed_secs=0.0001149
[2024-11-10][22:28:28][DEBUG][sqlx::query] summary="SELECT * FROM stations …" db.statement="\n\nSELECT\n  *\nFROM\n  stations\nWHERE\n  id = $1\n" rows_affected=0 rows_returned=1 elapsed=162.7µs elapsed_secs=0.0001627
[2024-11-10][22:28:28][DEBUG][sqlx::query] summary="SELECT * FROM reservations …" db.statement="\n\nSELECT\n  *\nFROM\n  reservations\nWHERE\n  station_id = $1\n  AND reservation_date >= '2024-11-01'\n  AND reservation_date <= '2024-2024-11-30'\n" rows_affected=0 rows_returned=1 elapsed=204.4µs elapsed_secs=0.0002044
[2024-11-10][22:28:28][DEBUG][sqlx::query] summary="SELECT * FROM visitings …" db.statement="\n\nSELECT\n  *\nFROM\n  visitings\nWHERE\n  visit_user = $1\n  AND visit_machine = $2\n" rows_affected=0 rows_returned=1 elapsed=145.6µs elapsed_secs=0.0001456
[2024-11-10][22:28:34][DEBUG][sqlx::query] summary="SELECT * FROM stations …" db.statement="\n\nSELECT\n  *\nFROM\n  stations\nWHERE\n  id = $1\n" rows_affected=0 rows_returned=1 elapsed=114.2µs elapsed_secs=0.0001142
[2024-11-10][22:28:34][DEBUG][sqlx::query] summary="SELECT * FROM reservations …" db.statement="\n\nSELECT\n  *\nFROM\n  reservations\nWHERE\n  station_id = $1\n  AND reservation_date >= '2024-11-01'\n  AND reservation_date <= '2024-2024-11-30'\n" rows_affected=0 rows_returned=1 elapsed=106.5µs elapsed_secs=0.0001065
[2024-11-10][22:28:34][DEBUG][sqlx::query] summary="SELECT * FROM visitings …" db.statement="\n\nSELECT\n  *\nFROM\n  visitings\nWHERE\n  visit_user = $1\n  AND visit_machine = $2\n" rows_affected=0 rows_returned=1 elapsed=96.4µs elapsed_secs=9.64e-5
[2024-11-10][22:28:37][DEBUG][sqlx::query] summary="SELECT * FROM stations …" db.statement="\n\nSELECT\n  *\nFROM\n  stations\nWHERE\n  id = $1\n" rows_affected=0 rows_returned=1 elapsed=139.5µs elapsed_secs=0.0001395
[2024-11-10][22:28:37][DEBUG][sqlx::query] summary="SELECT * FROM reservations …" db.statement="\n\nSELECT\n  *\nFROM\n  reservations\nWHERE\n  station_id = $1\n  AND reservation_date >= '2024-11-01'\n  AND reservation_date <= '2024-2024-11-30'\n" rows_affected=0 rows_returned=1 elapsed=142.5µs elapsed_secs=0.0001425
[2024-11-10][22:28:37][DEBUG][sqlx::query] summary="SELECT * FROM visitings …" db.statement="\n\nSELECT\n  *\nFROM\n  visitings\nWHERE\n  visit_user = $1\n  AND visit_machine = $2\n" rows_affected=0 rows_returned=1 elapsed=101.9µs elapsed_secs=0.0001019
[2024-11-10][22:29:33][DEBUG][sqlx::query] summary="SELECT * FROM stations …" db.statement="\n\nSELECT\n  *\nFROM\n  stations\nWHERE\n  id = $1\n" rows_affected=0 rows_returned=1 elapsed=98.1µs elapsed_secs=9.81e-5
[2024-11-10][22:29:33][DEBUG][sqlx::query] summary="SELECT * FROM reservations …" db.statement="\n\nSELECT\n  *\nFROM\n  reservations\nWHERE\n  station_id = $1\n  AND reservation_date >= '2024-11-01'\n  AND reservation_date <= '2024-2024-11-30'\n" rows_affected=0 rows_returned=1 elapsed=124.8µs elapsed_secs=0.0001248
[2024-11-10][22:29:33][DEBUG][sqlx::query] summary="SELECT * FROM visitings …" db.statement="\n\nSELECT\n  *\nFROM\n  visitings\nWHERE\n  visit_user = $1\n  AND visit_machine = $2\n" rows_affected=0 rows_returned=1 elapsed=130.1µs elapsed_secs=0.0001301
[2024-11-10][22:29:39][DEBUG][sqlx::query] summary="SELECT * FROM stations …" db.statement="\n\nSELECT\n  *\nFROM\n  stations\nWHERE\n  id = $1\n" rows_affected=0 rows_returned=1 elapsed=97.9µs elapsed_secs=9.79e-5
[2024-11-10][22:29:39][DEBUG][sqlx::query] summary="SELECT * FROM reservations …" db.statement="\n\nSELECT\n  *\nFROM\n  reservations\nWHERE\n  station_id = $1\n  AND reservation_date >= '2024-11-01'\n  AND reservation_date <= '2024-2024-11-30'\n" rows_affected=0 rows_returned=1 elapsed=95.4µs elapsed_secs=9.54e-5
[2024-11-10][22:29:39][DEBUG][sqlx::query] summary="SELECT * FROM visitings …" db.statement="\n\nSELECT\n  *\nFROM\n  visitings\nWHERE\n  visit_user = $1\n  AND visit_machine = $2\n" rows_affected=0 rows_returned=1 elapsed=127.1µs elapsed_secs=0.0001271
[2024-11-10][22:29:41][DEBUG][sqlx::query] summary="SELECT * FROM stations …" db.statement="\n\nSELECT\n  *\nFROM\n  stations\nWHERE\n  id = $1\n" rows_affected=0 rows_returned=1 elapsed=155µs elapsed_secs=0.000155
[2024-11-10][22:29:41][DEBUG][sqlx::query] summary="SELECT * FROM reservations …" db.statement="\n\nSELECT\n  *\nFROM\n  reservations\nWHERE\n  station_id = $1\n  AND reservation_date >= '2024-11-01'\n  AND reservation_date <= '2024-2024-11-30'\n" rows_affected=0 rows_returned=1 elapsed=130.8µs elapsed_secs=0.0001308
[2024-11-10][22:29:41][DEBUG][sqlx::query] summary="SELECT * FROM visitings …" db.statement="\n\nSELECT\n  *\nFROM\n  visitings\nWHERE\n  visit_user = $1\n  AND visit_machine = $2\n" rows_affected=0 rows_returned=1 elapsed=130.2µs elapsed_secs=0.0001302
[2024-11-10][22:29:43][DEBUG][sqlx::query] summary="SELECT * FROM stations …" db.statement="\n\nSELECT\n  *\nFROM\n  stations\nWHERE\n  id = $1\n" rows_affected=0 rows_returned=1 elapsed=296µs elapsed_secs=0.000296
[2024-11-10][22:29:43][DEBUG][sqlx::query] summary="SELECT * FROM reservations …" db.statement="\n\nSELECT\n  *\nFROM\n  reservations\nWHERE\n  station_id = $1\n  AND reservation_date >= '2024-11-01'\n  AND reservation_date <= '2024-2024-11-30'\n" rows_affected=0 rows_returned=1 elapsed=188µs elapsed_secs=0.000188
[2024-11-10][22:29:43][DEBUG][sqlx::query] summary="SELECT * FROM visitings …" db.statement="\n\nSELECT\n  *\nFROM\n  visitings\nWHERE\n  visit_user = $1\n  AND visit_machine = $2\n" rows_affected=0 rows_returned=1 elapsed=133.5µs elapsed_secs=0.0001335
[2024-11-10][22:29:46][DEBUG][sqlx::query] summary="SELECT * FROM stations …" db.statement="\n\nSELECT\n  *\nFROM\n  stations\nWHERE\n  id = $1\n" rows_affected=0 rows_returned=1 elapsed=165.5µs elapsed_secs=0.0001655
[2024-11-10][22:29:46][DEBUG][sqlx::query] summary="SELECT * FROM reservations …" db.statement="\n\nSELECT\n  *\nFROM\n  reservations\nWHERE\n  station_id = $1\n  AND reservation_date >= '2024-11-01'\n  AND reservation_date <= '2024-2024-11-30'\n" rows_affected=0 rows_returned=1 elapsed=98µs elapsed_secs=9.8e-5
[2024-11-10][22:29:46][DEBUG][sqlx::query] summary="SELECT * FROM visitings …" db.statement="\n\nSELECT\n  *\nFROM\n  visitings\nWHERE\n  visit_user = $1\n  AND visit_machine = $2\n" rows_affected=0 rows_returned=1 elapsed=144.3µs elapsed_secs=0.0001443
[2024-11-10][22:29:48][DEBUG][sqlx::query] summary="SELECT * FROM stations …" db.statement="\n\nSELECT\n  *\nFROM\n  stations\nWHERE\n  id = $1\n" rows_affected=0 rows_returned=1 elapsed=96.4µs elapsed_secs=9.64e-5
[2024-11-10][22:29:48][DEBUG][sqlx::query] summary="SELECT * FROM reservations …" db.statement="\n\nSELECT\n  *\nFROM\n  reservations\nWHERE\n  station_id = $1\n  AND reservation_date >= '2024-11-01'\n  AND reservation_date <= '2024-2024-11-30'\n" rows_affected=0 rows_returned=1 elapsed=157.2µs elapsed_secs=0.0001572
[2024-11-10][22:29:48][DEBUG][sqlx::query] summary="SELECT * FROM visitings …" db.statement="\n\nSELECT\n  *\nFROM\n  visitings\nWHERE\n  visit_user = $1\n  AND visit_machine = $2\n" rows_affected=0 rows_returned=1 elapsed=155.5µs elapsed_secs=0.0001555
