[2024-11-10][19:16:52][INFO][webview::unknown] check user
[2024-11-10][19:16:52][DEBUG][sqlx::query] summary="PRAGMA foreign_keys = ON; …" db.statement="\n\nPRAGMA foreign_keys = ON;\n" rows_affected=0 rows_returned=0 elapsed=172.8µs elapsed_secs=0.0001728
[2024-11-10][19:16:52][DEBUG][sqlx::query] summary="CREATE TABLE IF NOT …" db.statement="\n\nCREATE TABLE IF NOT EXISTS _sqlx_migrations (\n  version BIGINT PRIMARY KEY,\n  description TEXT NOT NULL,\n  installed_on TIMESTAMP NOT NULL DEFAULT CURRENT_TIMESTAMP,\n  success BOOLEAN NOT NULL,\n  checksum BLOB NOT NULL,\n  execution_time BIGINT NOT NULL\n);\n" rows_affected=0 rows_returned=0 elapsed=64.8476ms elapsed_secs=0.0648476
[2024-11-10][19:16:52][DEBUG][sqlx::query] summary="SELECT version FROM _sqlx_migrations …" db.statement="\n\nSELECT\n  version\nFROM\n  _sqlx_migrations\nWHERE\n  success = false\nORDER BY\n  version\nLIMIT\n  1\n" rows_affected=0 rows_returned=0 elapsed=184.3µs elapsed_secs=0.0001843
[2024-11-10][19:16:52][DEBUG][sqlx::query] summary="SELECT version, checksum FROM …" db.statement="\n\nSELECT\n  version,\n  checksum\nFROM\n  _sqlx_migrations\nORDER BY\n  version\n" rows_affected=0 rows_returned=1 elapsed=258.3µs elapsed_secs=0.0002583
[2024-11-10][19:16:52][DEBUG][sqlx::query] summary="SELECT * FROM reservations …" db.statement="\n\nSELECT\n  *\nFROM\n  reservations\nWHERE\n  reservation_date >= '2024-11-01'\n  AND reservation_date <= '2024-2024-11-30'\n" rows_affected=0 rows_returned=26 elapsed=387.2µs elapsed_secs=0.0003872
[2024-11-10][19:16:52][DEBUG][sqlx::query] summary="SELECT * FROM visitings …" db.statement="\n\nSELECT\n  *\nFROM\n  visitings\nWHERE\n  visit_user = $1\n  AND visit_machine = $2\n" rows_affected=0 rows_returned=1 elapsed=144.7µs elapsed_secs=0.0001447
[2024-11-10][19:16:52][DEBUG][sqlx::query] summary="SELECT * FROM stations" db.statement="" rows_affected=0 rows_returned=20 elapsed=313.7µs elapsed_secs=0.0003137
[2024-11-10][19:18:16][INFO][webview::unknown] check user
[2024-11-10][19:18:16][DEBUG][sqlx::query] summary="SELECT * FROM reservations …" db.statement="\n\nSELECT\n  *\nFROM\n  reservations\nWHERE\n  reservation_date >= '2024-11-01'\n  AND reservation_date <= '2024-2024-11-30'\n" rows_affected=0 rows_returned=26 elapsed=245.1µs elapsed_secs=0.0002451
[2024-11-10][19:18:17][DEBUG][sqlx::query] summary="SELECT * FROM visitings …" db.statement="\n\nSELECT\n  *\nFROM\n  visitings\nWHERE\n  visit_user = $1\n  AND visit_machine = $2\n" rows_affected=0 rows_returned=1 elapsed=156.5µs elapsed_secs=0.0001565
[2024-11-10][19:19:50][INFO][webview::unknown] check user
[2024-11-10][19:19:50][DEBUG][sqlx::query] summary="SELECT * FROM reservations …" db.statement="\n\nSELECT\n  *\nFROM\n  reservations\nWHERE\n  reservation_date >= '2024-11-01'\n  AND reservation_date <= '2024-2024-11-30'\n" rows_affected=0 rows_returned=26 elapsed=400.5µs elapsed_secs=0.0004005
[2024-11-10][19:19:50][DEBUG][sqlx::query] summary="SELECT * FROM visitings …" db.statement="\n\nSELECT\n  *\nFROM\n  visitings\nWHERE\n  visit_user = $1\n  AND visit_machine = $2\n" rows_affected=0 rows_returned=1 elapsed=124µs elapsed_secs=0.000124
[2024-11-10][19:19:56][INFO][webview::unknown] check user
[2024-11-10][19:19:56][DEBUG][sqlx::query] summary="SELECT * FROM reservations …" db.statement="\n\nSELECT\n  *\nFROM\n  reservations\nWHERE\n  reservation_date >= '2024-11-01'\n  AND reservation_date <= '2024-2024-11-30'\n" rows_affected=0 rows_returned=26 elapsed=603.3µs elapsed_secs=0.0006033
[2024-11-10][19:19:56][DEBUG][sqlx::query] summary="SELECT * FROM visitings …" db.statement="\n\nSELECT\n  *\nFROM\n  visitings\nWHERE\n  visit_user = $1\n  AND visit_machine = $2\n" rows_affected=0 rows_returned=1 elapsed=103.6µs elapsed_secs=0.0001036
[2024-11-10][19:19:58][INFO][webview::unknown] check user
[2024-11-10][19:19:58][DEBUG][sqlx::query] summary="SELECT * FROM reservations …" db.statement="\n\nSELECT\n  *\nFROM\n  reservations\nWHERE\n  reservation_date >= '2024-11-01'\n  AND reservation_date <= '2024-2024-11-30'\n" rows_affected=0 rows_returned=26 elapsed=417.8µs elapsed_secs=0.0004178
[2024-11-10][19:19:58][DEBUG][sqlx::query] summary="SELECT * FROM visitings …" db.statement="\n\nSELECT\n  *\nFROM\n  visitings\nWHERE\n  visit_user = $1\n  AND visit_machine = $2\n" rows_affected=0 rows_returned=1 elapsed=80.6µs elapsed_secs=8.06e-5
[2024-11-10][19:20:09][INFO][webview::unknown] check user
[2024-11-10][19:20:09][DEBUG][sqlx::query] summary="SELECT * FROM reservations …" db.statement="\n\nSELECT\n  *\nFROM\n  reservations\nWHERE\n  reservation_date >= '2024-11-01'\n  AND reservation_date <= '2024-2024-11-30'\n" rows_affected=0 rows_returned=26 elapsed=250.2µs elapsed_secs=0.0002502
[2024-11-10][19:20:09][DEBUG][sqlx::query] summary="SELECT * FROM visitings …" db.statement="\n\nSELECT\n  *\nFROM\n  visitings\nWHERE\n  visit_user = $1\n  AND visit_machine = $2\n" rows_affected=0 rows_returned=1 elapsed=79.1µs elapsed_secs=7.91e-5
[2024-11-10][19:20:11][INFO][webview::unknown] check user
[2024-11-10][19:20:11][DEBUG][sqlx::query] summary="SELECT * FROM reservations …" db.statement="\n\nSELECT\n  *\nFROM\n  reservations\nWHERE\n  reservation_date >= '2024-11-01'\n  AND reservation_date <= '2024-2024-11-30'\n" rows_affected=0 rows_returned=26 elapsed=575.4µs elapsed_secs=0.0005754
[2024-11-10][19:20:11][DEBUG][sqlx::query] summary="SELECT * FROM visitings …" db.statement="\n\nSELECT\n  *\nFROM\n  visitings\nWHERE\n  visit_user = $1\n  AND visit_machine = $2\n" rows_affected=0 rows_returned=1 elapsed=92.4µs elapsed_secs=9.24e-5
[2024-11-10][19:20:14][INFO][webview::unknown] check user
[2024-11-10][19:20:14][DEBUG][sqlx::query] summary="SELECT * FROM reservations …" db.statement="\n\nSELECT\n  *\nFROM\n  reservations\nWHERE\n  reservation_date >= '2024-11-01'\n  AND reservation_date <= '2024-2024-11-30'\n" rows_affected=0 rows_returned=26 elapsed=383.6µs elapsed_secs=0.0003836
[2024-11-10][19:20:14][DEBUG][sqlx::query] summary="SELECT * FROM visitings …" db.statement="\n\nSELECT\n  *\nFROM\n  visitings\nWHERE\n  visit_user = $1\n  AND visit_machine = $2\n" rows_affected=0 rows_returned=1 elapsed=96.5µs elapsed_secs=9.65e-5
[2024-11-10][19:20:17][INFO][webview::unknown] check user
[2024-11-10][19:20:17][DEBUG][sqlx::query] summary="SELECT * FROM reservations …" db.statement="\n\nSELECT\n  *\nFROM\n  reservations\nWHERE\n  reservation_date >= '2024-11-01'\n  AND reservation_date <= '2024-2024-11-30'\n" rows_affected=0 rows_returned=26 elapsed=376.9µs elapsed_secs=0.0003769
[2024-11-10][19:20:17][DEBUG][sqlx::query] summary="SELECT * FROM visitings …" db.statement="\n\nSELECT\n  *\nFROM\n  visitings\nWHERE\n  visit_user = $1\n  AND visit_machine = $2\n" rows_affected=0 rows_returned=1 elapsed=107.6µs elapsed_secs=0.0001076
[2024-11-10][19:20:24][INFO][webview::unknown] check user
[2024-11-10][19:20:24][DEBUG][sqlx::query] summary="SELECT * FROM reservations …" db.statement="\n\nSELECT\n  *\nFROM\n  reservations\nWHERE\n  reservation_date >= '2024-11-01'\n  AND reservation_date <= '2024-2024-11-30'\n" rows_affected=0 rows_returned=26 elapsed=528.9µs elapsed_secs=0.0005289
[2024-11-10][19:20:24][DEBUG][sqlx::query] summary="SELECT * FROM visitings …" db.statement="\n\nSELECT\n  *\nFROM\n  visitings\nWHERE\n  visit_user = $1\n  AND visit_machine = $2\n" rows_affected=0 rows_returned=1 elapsed=92.5µs elapsed_secs=9.25e-5
[2024-11-10][19:20:29][INFO][webview::unknown] check user
[2024-11-10][19:20:29][DEBUG][sqlx::query] summary="SELECT * FROM reservations …" db.statement="\n\nSELECT\n  *\nFROM\n  reservations\nWHERE\n  reservation_date >= '2024-11-01'\n  AND reservation_date <= '2024-2024-11-30'\n" rows_affected=0 rows_returned=26 elapsed=300.2µs elapsed_secs=0.0003002
[2024-11-10][19:20:29][DEBUG][sqlx::query] summary="SELECT * FROM visitings …" db.statement="\n\nSELECT\n  *\nFROM\n  visitings\nWHERE\n  visit_user = $1\n  AND visit_machine = $2\n" rows_affected=0 rows_returned=1 elapsed=122.2µs elapsed_secs=0.0001222
[2024-11-10][19:20:34][INFO][webview::unknown] check user
[2024-11-10][19:20:34][DEBUG][sqlx::query] summary="SELECT * FROM reservations …" db.statement="\n\nSELECT\n  *\nFROM\n  reservations\nWHERE\n  reservation_date >= '2024-11-01'\n  AND reservation_date <= '2024-2024-11-30'\n" rows_affected=0 rows_returned=26 elapsed=398µs elapsed_secs=0.000398
[2024-11-10][19:20:34][DEBUG][sqlx::query] summary="SELECT * FROM visitings …" db.statement="\n\nSELECT\n  *\nFROM\n  visitings\nWHERE\n  visit_user = $1\n  AND visit_machine = $2\n" rows_affected=0 rows_returned=1 elapsed=81µs elapsed_secs=8.1e-5
[2024-11-10][19:20:38][INFO][webview::unknown] check user
[2024-11-10][19:20:38][DEBUG][sqlx::query] summary="SELECT * FROM reservations …" db.statement="\n\nSELECT\n  *\nFROM\n  reservations\nWHERE\n  reservation_date >= '2024-11-01'\n  AND reservation_date <= '2024-2024-11-30'\n" rows_affected=0 rows_returned=26 elapsed=314µs elapsed_secs=0.000314
[2024-11-10][19:20:38][DEBUG][sqlx::query] summary="SELECT * FROM visitings …" db.statement="\n\nSELECT\n  *\nFROM\n  visitings\nWHERE\n  visit_user = $1\n  AND visit_machine = $2\n" rows_affected=0 rows_returned=1 elapsed=85.2µs elapsed_secs=8.52e-5
[2024-11-10][19:20:40][INFO][webview::unknown] check user
[2024-11-10][19:20:40][DEBUG][sqlx::query] summary="SELECT * FROM reservations …" db.statement="\n\nSELECT\n  *\nFROM\n  reservations\nWHERE\n  reservation_date >= '2024-11-01'\n  AND reservation_date <= '2024-2024-11-30'\n" rows_affected=0 rows_returned=26 elapsed=301µs elapsed_secs=0.000301
[2024-11-10][19:20:40][DEBUG][sqlx::query] summary="SELECT * FROM visitings …" db.statement="\n\nSELECT\n  *\nFROM\n  visitings\nWHERE\n  visit_user = $1\n  AND visit_machine = $2\n" rows_affected=0 rows_returned=1 elapsed=110.2µs elapsed_secs=0.0001102
[2024-11-10][19:20:51][INFO][webview::unknown] check user
[2024-11-10][19:20:51][DEBUG][sqlx::query] summary="SELECT * FROM reservations …" db.statement="\n\nSELECT\n  *\nFROM\n  reservations\nWHERE\n  reservation_date >= '2024-11-01'\n  AND reservation_date <= '2024-2024-11-30'\n" rows_affected=0 rows_returned=26 elapsed=763.7µs elapsed_secs=0.0007637
[2024-11-10][19:20:51][DEBUG][sqlx::query] summary="SELECT * FROM visitings …" db.statement="\n\nSELECT\n  *\nFROM\n  visitings\nWHERE\n  visit_user = $1\n  AND visit_machine = $2\n" rows_affected=0 rows_returned=1 elapsed=111.6µs elapsed_secs=0.0001116
[2024-11-10][19:20:56][INFO][webview::unknown] check user
[2024-11-10][19:20:56][DEBUG][sqlx::query] summary="SELECT * FROM reservations …" db.statement="\n\nSELECT\n  *\nFROM\n  reservations\nWHERE\n  reservation_date >= '2024-11-01'\n  AND reservation_date <= '2024-2024-11-30'\n" rows_affected=0 rows_returned=26 elapsed=372.9µs elapsed_secs=0.0003729
[2024-11-10][19:20:56][DEBUG][sqlx::query] summary="SELECT * FROM visitings …" db.statement="\n\nSELECT\n  *\nFROM\n  visitings\nWHERE\n  visit_user = $1\n  AND visit_machine = $2\n" rows_affected=0 rows_returned=1 elapsed=123.6µs elapsed_secs=0.0001236
[2024-11-10][19:20:58][INFO][webview::unknown] check user
[2024-11-10][19:20:58][DEBUG][sqlx::query] summary="SELECT * FROM reservations …" db.statement="\n\nSELECT\n  *\nFROM\n  reservations\nWHERE\n  reservation_date >= '2024-11-01'\n  AND reservation_date <= '2024-2024-11-30'\n" rows_affected=0 rows_returned=26 elapsed=363.5µs elapsed_secs=0.0003635
[2024-11-10][19:20:58][DEBUG][sqlx::query] summary="SELECT * FROM visitings …" db.statement="\n\nSELECT\n  *\nFROM\n  visitings\nWHERE\n  visit_user = $1\n  AND visit_machine = $2\n" rows_affected=0 rows_returned=1 elapsed=83.1µs elapsed_secs=8.31e-5
[2024-11-10][19:21:39][DEBUG][sqlx::query] summary="SELECT * FROM stations …" db.statement="\n\nSELECT\n  *\nFROM\n  stations\nWHERE\n  id = $1\n" rows_affected=0 rows_returned=1 elapsed=290.7µs elapsed_secs=0.0002907
[2024-11-10][19:21:39][DEBUG][sqlx::query] summary="SELECT * FROM reservations …" db.statement="\n\nSELECT\n  *\nFROM\n  reservations\nWHERE\n  station_id = $1\n  AND reservation_date >= '2024-11-01'\n  AND reservation_date <= '2024-2024-11-30'\n" rows_affected=0 rows_returned=12 elapsed=567.7µs elapsed_secs=0.0005677
[2024-11-10][19:21:39][DEBUG][sqlx::query] summary="SELECT * FROM visitings …" db.statement="\n\nSELECT\n  *\nFROM\n  visitings\nWHERE\n  visit_user = $1\n  AND visit_machine = $2\n" rows_affected=0 rows_returned=1 elapsed=88.1µs elapsed_secs=8.81e-5
[2024-11-10][19:22:00][DEBUG][sqlx::query] summary="SELECT * FROM reservations …" db.statement="\n\nSELECT\n  *\nFROM\n  reservations\nWHERE\n  reservation_date = $1\n" rows_affected=0 rows_returned=1 elapsed=219.4µs elapsed_secs=0.0002194
[2024-11-10][19:22:00][DEBUG][sqlx::query] summary="SELECT * FROM stations" db.statement="" rows_affected=0 rows_returned=20 elapsed=122.2µs elapsed_secs=0.0001222
[2024-11-10][19:22:00][DEBUG][sqlx::query] summary="SELECT * FROM reservations …" db.statement="\n\nSELECT\n  *\nFROM\n  reservations\nWHERE\n  reservation_date = $1\n" rows_affected=0 rows_returned=1 elapsed=82.5µs elapsed_secs=8.25e-5
[2024-11-10][19:22:00][DEBUG][sqlx::query] summary="SELECT * FROM visitings …" db.statement="\n\nSELECT\n  *\nFROM\n  visitings\nWHERE\n  visit_user = $1\n  AND visit_machine = $2\n" rows_affected=0 rows_returned=1 elapsed=101.1µs elapsed_secs=0.0001011
[2024-11-10][20:40:34][DEBUG][sqlx::query] summary="PRAGMA foreign_keys = ON; …" db.statement="\n\nPRAGMA foreign_keys = ON;\n" rows_affected=0 rows_returned=0 elapsed=68.7µs elapsed_secs=6.87e-5
[2024-11-10][20:40:34][DEBUG][sqlx::query] summary="SELECT * FROM reservations …" db.statement="\n\nSELECT\n  *\nFROM\n  reservations\nWHERE\n  reservation_date = $1\n" rows_affected=0 rows_returned=1 elapsed=1.3094ms elapsed_secs=0.0013094
[2024-11-10][20:40:34][DEBUG][sqlx::query] summary="SELECT * FROM stations" db.statement="" rows_affected=0 rows_returned=20 elapsed=498.4µs elapsed_secs=0.0004984
[2024-11-10][20:40:34][DEBUG][sqlx::query] summary="SELECT * FROM reservations …" db.statement="\n\nSELECT\n  *\nFROM\n  reservations\nWHERE\n  reservation_date = $1\n" rows_affected=0 rows_returned=1 elapsed=138.3µs elapsed_secs=0.0001383
[2024-11-10][20:40:34][DEBUG][sqlx::query] summary="SELECT * FROM stations" db.statement="" rows_affected=0 rows_returned=20 elapsed=193.1µs elapsed_secs=0.0001931
[2024-11-10][20:40:34][DEBUG][sqlx::query] summary="SELECT * FROM visitings …" db.statement="\n\nSELECT\n  *\nFROM\n  visitings\nWHERE\n  visit_user = $1\n  AND visit_machine = $2\n" rows_affected=0 rows_returned=1 elapsed=362.2µs elapsed_secs=0.0003622
[2024-11-10][20:40:39][INFO][webview::unknown] check user
[2024-11-10][20:40:39][DEBUG][sqlx::query] summary="PRAGMA foreign_keys = ON; …" db.statement="\n\nPRAGMA foreign_keys = ON;\n" rows_affected=0 rows_returned=0 elapsed=98.2µs elapsed_secs=9.82e-5
[2024-11-10][20:40:39][DEBUG][sqlx::query] summary="CREATE TABLE IF NOT …" db.statement="\n\nCREATE TABLE IF NOT EXISTS _sqlx_migrations (\n  version BIGINT PRIMARY KEY,\n  description TEXT NOT NULL,\n  installed_on TIMESTAMP NOT NULL DEFAULT CURRENT_TIMESTAMP,\n  success BOOLEAN NOT NULL,\n  checksum BLOB NOT NULL,\n  execution_time BIGINT NOT NULL\n);\n" rows_affected=0 rows_returned=0 elapsed=10.2892ms elapsed_secs=0.0102892
[2024-11-10][20:40:39][DEBUG][sqlx::query] summary="SELECT version FROM _sqlx_migrations …" db.statement="\n\nSELECT\n  version\nFROM\n  _sqlx_migrations\nWHERE\n  success = false\nORDER BY\n  version\nLIMIT\n  1\n" rows_affected=0 rows_returned=0 elapsed=429.9µs elapsed_secs=0.0004299
[2024-11-10][20:40:39][DEBUG][sqlx::query] summary="SELECT version, checksum FROM …" db.statement="\n\nSELECT\n  version,\n  checksum\nFROM\n  _sqlx_migrations\nORDER BY\n  version\n" rows_affected=0 rows_returned=1 elapsed=265.8µs elapsed_secs=0.0002658
[2024-11-10][20:40:39][DEBUG][sqlx::query] summary="SELECT * FROM reservations …" db.statement="\n\nSELECT\n  *\nFROM\n  reservations\nWHERE\n  reservation_date >= '2024-11-01'\n  AND reservation_date <= '2024-2024-11-30'\n" rows_affected=0 rows_returned=26 elapsed=536.4µs elapsed_secs=0.0005364
[2024-11-10][20:40:39][DEBUG][sqlx::query] summary="SELECT * FROM stations" db.statement="" rows_affected=0 rows_returned=20 elapsed=865.5µs elapsed_secs=0.0008655
[2024-11-10][20:40:39][DEBUG][sqlx::query] summary="SELECT * FROM visitings …" db.statement="\n\nSELECT\n  *\nFROM\n  visitings\nWHERE\n  visit_user = $1\n  AND visit_machine = $2\n" rows_affected=0 rows_returned=1 elapsed=330.7µs elapsed_secs=0.0003307
[2024-11-10][20:40:42][INFO][webview::unknown] check user
[2024-11-10][20:40:42][DEBUG][sqlx::query] summary="PRAGMA foreign_keys = ON; …" db.statement="\n\nPRAGMA foreign_keys = ON;\n" rows_affected=0 rows_returned=0 elapsed=302.3µs elapsed_secs=0.0003023
[2024-11-10][20:40:42][DEBUG][sqlx::query] summary="CREATE TABLE IF NOT …" db.statement="\n\nCREATE TABLE IF NOT EXISTS _sqlx_migrations (\n  version BIGINT PRIMARY KEY,\n  description TEXT NOT NULL,\n  installed_on TIMESTAMP NOT NULL DEFAULT CURRENT_TIMESTAMP,\n  success BOOLEAN NOT NULL,\n  checksum BLOB NOT NULL,\n  execution_time BIGINT NOT NULL\n);\n" rows_affected=0 rows_returned=0 elapsed=7.1819ms elapsed_secs=0.0071819
[2024-11-10][20:40:42][DEBUG][sqlx::query] summary="SELECT version FROM _sqlx_migrations …" db.statement="\n\nSELECT\n  version\nFROM\n  _sqlx_migrations\nWHERE\n  success = false\nORDER BY\n  version\nLIMIT\n  1\n" rows_affected=0 rows_returned=0 elapsed=171µs elapsed_secs=0.000171
[2024-11-10][20:40:42][DEBUG][sqlx::query] summary="SELECT version, checksum FROM …" db.statement="\n\nSELECT\n  version,\n  checksum\nFROM\n  _sqlx_migrations\nORDER BY\n  version\n" rows_affected=0 rows_returned=1 elapsed=224.3µs elapsed_secs=0.0002243
[2024-11-10][20:40:42][DEBUG][sqlx::query] summary="SELECT * FROM reservations …" db.statement="\n\nSELECT\n  *\nFROM\n  reservations\nWHERE\n  reservation_date >= '2024-11-01'\n  AND reservation_date <= '2024-2024-11-30'\n" rows_affected=0 rows_returned=26 elapsed=477.8µs elapsed_secs=0.0004778
[2024-11-10][20:40:42][DEBUG][sqlx::query] summary="SELECT * FROM visitings …" db.statement="\n\nSELECT\n  *\nFROM\n  visitings\nWHERE\n  visit_user = $1\n  AND visit_machine = $2\n" rows_affected=0 rows_returned=1 elapsed=249µs elapsed_secs=0.000249
[2024-11-10][20:40:42][DEBUG][sqlx::query] summary="SELECT * FROM stations" db.statement="" rows_affected=0 rows_returned=20 elapsed=430.2µs elapsed_secs=0.0004302
[2024-11-10][20:40:42][INFO][webview::unknown] check user
[2024-11-10][20:40:42][DEBUG][sqlx::query] summary="PRAGMA foreign_keys = ON; …" db.statement="\n\nPRAGMA foreign_keys = ON;\n" rows_affected=0 rows_returned=0 elapsed=69.4µs elapsed_secs=6.94e-5
[2024-11-10][20:40:42][DEBUG][sqlx::query] summary="CREATE TABLE IF NOT …" db.statement="\n\nCREATE TABLE IF NOT EXISTS _sqlx_migrations (\n  version BIGINT PRIMARY KEY,\n  description TEXT NOT NULL,\n  installed_on TIMESTAMP NOT NULL DEFAULT CURRENT_TIMESTAMP,\n  success BOOLEAN NOT NULL,\n  checksum BLOB NOT NULL,\n  execution_time BIGINT NOT NULL\n);\n" rows_affected=0 rows_returned=0 elapsed=5.8431ms elapsed_secs=0.0058431
[2024-11-10][20:40:42][DEBUG][sqlx::query] summary="SELECT version FROM _sqlx_migrations …" db.statement="\n\nSELECT\n  version\nFROM\n  _sqlx_migrations\nWHERE\n  success = false\nORDER BY\n  version\nLIMIT\n  1\n" rows_affected=0 rows_returned=0 elapsed=261.1µs elapsed_secs=0.0002611
[2024-11-10][20:40:42][DEBUG][sqlx::query] summary="SELECT version, checksum FROM …" db.statement="\n\nSELECT\n  version,\n  checksum\nFROM\n  _sqlx_migrations\nORDER BY\n  version\n" rows_affected=0 rows_returned=1 elapsed=106.5µs elapsed_secs=0.0001065
[2024-11-10][20:40:42][DEBUG][sqlx::query] summary="SELECT * FROM reservations …" db.statement="\n\nSELECT\n  *\nFROM\n  reservations\nWHERE\n  reservation_date >= '2024-11-01'\n  AND reservation_date <= '2024-2024-11-30'\n" rows_affected=0 rows_returned=26 elapsed=352.3µs elapsed_secs=0.0003523
[2024-11-10][20:40:42][DEBUG][sqlx::query] summary="SELECT * FROM visitings …" db.statement="\n\nSELECT\n  *\nFROM\n  visitings\nWHERE\n  visit_user = $1\n  AND visit_machine = $2\n" rows_affected=0 rows_returned=1 elapsed=199.2µs elapsed_secs=0.0001992
[2024-11-10][20:40:42][DEBUG][sqlx::query] summary="SELECT * FROM stations" db.statement="" rows_affected=0 rows_returned=20 elapsed=395.1µs elapsed_secs=0.0003951
[2024-11-10][20:40:46][INFO][webview::unknown] check user
[2024-11-10][20:40:46][DEBUG][sqlx::query] summary="PRAGMA foreign_keys = ON; …" db.statement="\n\nPRAGMA foreign_keys = ON;\n" rows_affected=0 rows_returned=0 elapsed=90.5µs elapsed_secs=9.05e-5
[2024-11-10][20:40:46][DEBUG][sqlx::query] summary="CREATE TABLE IF NOT …" db.statement="\n\nCREATE TABLE IF NOT EXISTS _sqlx_migrations (\n  version BIGINT PRIMARY KEY,\n  description TEXT NOT NULL,\n  installed_on TIMESTAMP NOT NULL DEFAULT CURRENT_TIMESTAMP,\n  success BOOLEAN NOT NULL,\n  checksum BLOB NOT NULL,\n  execution_time BIGINT NOT NULL\n);\n" rows_affected=0 rows_returned=0 elapsed=687.7µs elapsed_secs=0.0006877
[2024-11-10][20:40:46][DEBUG][sqlx::query] summary="SELECT version FROM _sqlx_migrations …" db.statement="\n\nSELECT\n  version\nFROM\n  _sqlx_migrations\nWHERE\n  success = false\nORDER BY\n  version\nLIMIT\n  1\n" rows_affected=0 rows_returned=0 elapsed=250µs elapsed_secs=0.00025
[2024-11-10][20:40:46][DEBUG][sqlx::query] summary="SELECT version, checksum FROM …" db.statement="\n\nSELECT\n  version,\n  checksum\nFROM\n  _sqlx_migrations\nORDER BY\n  version\n" rows_affected=0 rows_returned=1 elapsed=145.6µs elapsed_secs=0.0001456
[2024-11-10][20:40:46][DEBUG][sqlx::query] summary="SELECT * FROM reservations …" db.statement="\n\nSELECT\n  *\nFROM\n  reservations\nWHERE\n  reservation_date >= '2024-11-01'\n  AND reservation_date <= '2024-2024-11-30'\n" rows_affected=0 rows_returned=26 elapsed=390.9µs elapsed_secs=0.0003909
[2024-11-10][20:40:46][DEBUG][sqlx::query] summary="SELECT * FROM visitings …" db.statement="\n\nSELECT\n  *\nFROM\n  visitings\nWHERE\n  visit_user = $1\n  AND visit_machine = $2\n" rows_affected=0 rows_returned=1 elapsed=329.8µs elapsed_secs=0.0003298
[2024-11-10][20:40:46][DEBUG][sqlx::query] summary="SELECT * FROM stations" db.statement="" rows_affected=0 rows_returned=20 elapsed=414.3µs elapsed_secs=0.0004143
[2024-11-10][20:40:49][WARN][tao::platform_impl::platform::event_loop::runner] NewEvents emitted without explicit RedrawEventsCleared
[2024-11-10][20:40:49][WARN][tao::platform_impl::platform::event_loop::runner] RedrawEventsCleared emitted without explicit MainEventsCleared
[2024-11-10][21:11:18][INFO][webview::unknown] check user
[2024-11-10][21:11:18][DEBUG][sqlx::query] summary="PRAGMA foreign_keys = ON; …" db.statement="\n\nPRAGMA foreign_keys = ON;\n" rows_affected=0 rows_returned=0 elapsed=192.5µs elapsed_secs=0.0001925
[2024-11-10][21:11:18][DEBUG][sqlx::query] summary="CREATE TABLE IF NOT …" db.statement="\n\nCREATE TABLE IF NOT EXISTS _sqlx_migrations (\n  version BIGINT PRIMARY KEY,\n  description TEXT NOT NULL,\n  installed_on TIMESTAMP NOT NULL DEFAULT CURRENT_TIMESTAMP,\n  success BOOLEAN NOT NULL,\n  checksum BLOB NOT NULL,\n  execution_time BIGINT NOT NULL\n);\n" rows_affected=0 rows_returned=0 elapsed=744.7µs elapsed_secs=0.0007447
[2024-11-10][21:11:18][DEBUG][sqlx::query] summary="SELECT version FROM _sqlx_migrations …" db.statement="\n\nSELECT\n  version\nFROM\n  _sqlx_migrations\nWHERE\n  success = false\nORDER BY\n  version\nLIMIT\n  1\n" rows_affected=0 rows_returned=0 elapsed=271.1µs elapsed_secs=0.0002711
[2024-11-10][21:11:18][DEBUG][sqlx::query] summary="SELECT version, checksum FROM …" db.statement="\n\nSELECT\n  version,\n  checksum\nFROM\n  _sqlx_migrations\nORDER BY\n  version\n" rows_affected=0 rows_returned=1 elapsed=170.2µs elapsed_secs=0.0001702
[2024-11-10][21:11:18][DEBUG][sqlx::query] summary="SELECT * FROM reservations …" db.statement="\n\nSELECT\n  *\nFROM\n  reservations\nWHERE\n  reservation_date >= '2024-11-01'\n  AND reservation_date <= '2024-2024-11-30'\n" rows_affected=0 rows_returned=26 elapsed=765.3µs elapsed_secs=0.0007653
[2024-11-10][21:11:18][DEBUG][sqlx::query] summary="SELECT * FROM visitings …" db.statement="\n\nSELECT\n  *\nFROM\n  visitings\nWHERE\n  visit_user = $1\n  AND visit_machine = $2\n" rows_affected=0 rows_returned=1 elapsed=213.7µs elapsed_secs=0.0002137
[2024-11-10][21:11:18][DEBUG][sqlx::query] summary="SELECT * FROM stations" db.statement="" rows_affected=0 rows_returned=20 elapsed=337.4µs elapsed_secs=0.0003374
[2024-11-10][21:11:29][DEBUG][sqlx::query] summary="SELECT * FROM reservations …" db.statement="\n\nSELECT\n  *\nFROM\n  reservations\nWHERE\n  reservation_date >= '2024-12-01'\n  AND reservation_date <= '2024-2024-12-31'\n" rows_affected=0 rows_returned=0 elapsed=205.3µs elapsed_secs=0.0002053
[2024-11-10][21:11:32][DEBUG][sqlx::query] summary="SELECT * FROM reservations …" db.statement="\n\nSELECT\n  *\nFROM\n  reservations\nWHERE\n  reservation_date = $1\n" rows_affected=0 rows_returned=0 elapsed=325.9µs elapsed_secs=0.0003259
[2024-11-10][21:11:32][DEBUG][sqlx::query] summary="SELECT * FROM stations" db.statement="" rows_affected=0 rows_returned=20 elapsed=316.9µs elapsed_secs=0.0003169
[2024-11-10][21:11:32][DEBUG][sqlx::query] summary="SELECT * FROM reservations …" db.statement="\n\nSELECT\n  *\nFROM\n  reservations\nWHERE\n  reservation_date = $1\n" rows_affected=0 rows_returned=0 elapsed=103.9µs elapsed_secs=0.0001039
[2024-11-10][21:11:32][DEBUG][sqlx::query] summary="SELECT * FROM visitings …" db.statement="\n\nSELECT\n  *\nFROM\n  visitings\nWHERE\n  visit_user = $1\n  AND visit_machine = $2\n" rows_affected=0 rows_returned=1 elapsed=137.3µs elapsed_secs=0.0001373
[2024-11-10][21:14:21][DEBUG][sqlx::query] summary="SELECT * FROM reservations …" db.statement="\n\nSELECT\n  *\nFROM\n  reservations\nWHERE\n  reservation_date = $1\n" rows_affected=0 rows_returned=0 elapsed=108.3µs elapsed_secs=0.0001083
[2024-11-10][21:14:21][DEBUG][sqlx::query] summary="PRAGMA foreign_keys = ON; …" db.statement="\n\nPRAGMA foreign_keys = ON;\n" rows_affected=0 rows_returned=0 elapsed=58µs elapsed_secs=5.8e-5
[2024-11-10][21:14:21][DEBUG][sqlx::query] summary="SELECT * FROM stations" db.statement="" rows_affected=0 rows_returned=20 elapsed=577.6µs elapsed_secs=0.0005776
[2024-11-10][21:14:21][DEBUG][sqlx::query] summary="SELECT * FROM reservations …" db.statement="\n\nSELECT\n  *\nFROM\n  reservations\nWHERE\n  reservation_date = $1\n" rows_affected=0 rows_returned=0 elapsed=65.8µs elapsed_secs=6.58e-5
[2024-11-10][21:14:21][DEBUG][sqlx::query] summary="SELECT * FROM visitings …" db.statement="\n\nSELECT\n  *\nFROM\n  visitings\nWHERE\n  visit_user = $1\n  AND visit_machine = $2\n" rows_affected=0 rows_returned=1 elapsed=380.9µs elapsed_secs=0.0003809
[2024-11-10][21:14:22][DEBUG][sqlx::query] summary="SELECT * FROM reservations …" db.statement="\n\nSELECT\n  *\nFROM\n  reservations\nWHERE\n  reservation_date = $1\n" rows_affected=0 rows_returned=0 elapsed=165.6µs elapsed_secs=0.0001656
[2024-11-10][21:14:22][DEBUG][sqlx::query] summary="SELECT * FROM stations" db.statement="" rows_affected=0 rows_returned=20 elapsed=265µs elapsed_secs=0.000265
[2024-11-10][21:14:22][DEBUG][sqlx::query] summary="SELECT * FROM reservations …" db.statement="\n\nSELECT\n  *\nFROM\n  reservations\nWHERE\n  reservation_date = $1\n" rows_affected=0 rows_returned=0 elapsed=107µs elapsed_secs=0.000107
[2024-11-10][21:14:22][DEBUG][sqlx::query] summary="SELECT * FROM visitings …" db.statement="\n\nSELECT\n  *\nFROM\n  visitings\nWHERE\n  visit_user = $1\n  AND visit_machine = $2\n" rows_affected=0 rows_returned=1 elapsed=128.4µs elapsed_secs=0.0001284
[2024-11-10][21:14:26][DEBUG][sqlx::query] summary="SELECT * FROM reservations …" db.statement="\n\nSELECT\n  *\nFROM\n  reservations\nWHERE\n  reservation_date = $1\n" rows_affected=0 rows_returned=0 elapsed=91.7µs elapsed_secs=9.17e-5
[2024-11-10][21:14:26][DEBUG][sqlx::query] summary="SELECT * FROM stations" db.statement="" rows_affected=0 rows_returned=20 elapsed=240.9µs elapsed_secs=0.0002409
[2024-11-10][21:14:26][DEBUG][sqlx::query] summary="SELECT * FROM reservations …" db.statement="\n\nSELECT\n  *\nFROM\n  reservations\nWHERE\n  reservation_date = $1\n" rows_affected=0 rows_returned=0 elapsed=74.8µs elapsed_secs=7.48e-5
[2024-11-10][21:14:26][DEBUG][sqlx::query] summary="SELECT * FROM visitings …" db.statement="\n\nSELECT\n  *\nFROM\n  visitings\nWHERE\n  visit_user = $1\n  AND visit_machine = $2\n" rows_affected=0 rows_returned=1 elapsed=116.2µs elapsed_secs=0.0001162
[2024-11-10][21:14:44][DEBUG][sqlx::query] summary="SELECT * FROM reservations …" db.statement="\n\nSELECT\n  *\nFROM\n  reservations\nWHERE\n  reservation_date = $1\n" rows_affected=0 rows_returned=0 elapsed=94.6µs elapsed_secs=9.46e-5
[2024-11-10][21:14:44][DEBUG][sqlx::query] summary="SELECT * FROM stations" db.statement="" rows_affected=0 rows_returned=20 elapsed=247.9µs elapsed_secs=0.0002479
[2024-11-10][21:14:44][DEBUG][sqlx::query] summary="SELECT * FROM reservations …" db.statement="\n\nSELECT\n  *\nFROM\n  reservations\nWHERE\n  reservation_date = $1\n" rows_affected=0 rows_returned=0 elapsed=85.4µs elapsed_secs=8.54e-5
[2024-11-10][21:14:44][DEBUG][sqlx::query] summary="SELECT * FROM visitings …" db.statement="\n\nSELECT\n  *\nFROM\n  visitings\nWHERE\n  visit_user = $1\n  AND visit_machine = $2\n" rows_affected=0 rows_returned=1 elapsed=134µs elapsed_secs=0.000134
[2024-11-10][21:14:51][DEBUG][sqlx::query] summary="SELECT * FROM reservations …" db.statement="\n\nSELECT\n  *\nFROM\n  reservations\nWHERE\n  reservation_date = $1\n" rows_affected=0 rows_returned=0 elapsed=103.7µs elapsed_secs=0.0001037
[2024-11-10][21:14:51][DEBUG][sqlx::query] summary="SELECT * FROM stations" db.statement="" rows_affected=0 rows_returned=20 elapsed=231.3µs elapsed_secs=0.0002313
[2024-11-10][21:14:51][DEBUG][sqlx::query] summary="SELECT * FROM reservations …" db.statement="\n\nSELECT\n  *\nFROM\n  reservations\nWHERE\n  reservation_date = $1\n" rows_affected=0 rows_returned=0 elapsed=95.3µs elapsed_secs=9.53e-5
[2024-11-10][21:14:51][DEBUG][sqlx::query] summary="SELECT * FROM visitings …" db.statement="\n\nSELECT\n  *\nFROM\n  visitings\nWHERE\n  visit_user = $1\n  AND visit_machine = $2\n" rows_affected=0 rows_returned=1 elapsed=129.9µs elapsed_secs=0.0001299
[2024-11-10][21:14:57][DEBUG][sqlx::query] summary="SELECT * FROM reservations …" db.statement="\n\nSELECT\n  *\nFROM\n  reservations\nWHERE\n  reservation_date = $1\n" rows_affected=0 rows_returned=0 elapsed=113.5µs elapsed_secs=0.0001135
[2024-11-10][21:14:57][DEBUG][sqlx::query] summary="SELECT * FROM stations" db.statement="" rows_affected=0 rows_returned=20 elapsed=297.9µs elapsed_secs=0.0002979
[2024-11-10][21:14:57][DEBUG][sqlx::query] summary="SELECT * FROM reservations …" db.statement="\n\nSELECT\n  *\nFROM\n  reservations\nWHERE\n  reservation_date = $1\n" rows_affected=0 rows_returned=0 elapsed=70.5µs elapsed_secs=7.05e-5
[2024-11-10][21:14:57][DEBUG][sqlx::query] summary="SELECT * FROM visitings …" db.statement="\n\nSELECT\n  *\nFROM\n  visitings\nWHERE\n  visit_user = $1\n  AND visit_machine = $2\n" rows_affected=0 rows_returned=1 elapsed=129.8µs elapsed_secs=0.0001298
[2024-11-10][21:15:00][DEBUG][sqlx::query] summary="SELECT * FROM reservations …" db.statement="\n\nSELECT\n  *\nFROM\n  reservations\nWHERE\n  reservation_date = $1\n" rows_affected=0 rows_returned=0 elapsed=105.9µs elapsed_secs=0.0001059
[2024-11-10][21:15:00][DEBUG][sqlx::query] summary="SELECT * FROM stations" db.statement="" rows_affected=0 rows_returned=20 elapsed=157.6µs elapsed_secs=0.0001576
[2024-11-10][21:15:00][DEBUG][sqlx::query] summary="SELECT * FROM reservations …" db.statement="\n\nSELECT\n  *\nFROM\n  reservations\nWHERE\n  reservation_date = $1\n" rows_affected=0 rows_returned=0 elapsed=96µs elapsed_secs=9.6e-5
[2024-11-10][21:15:00][DEBUG][sqlx::query] summary="SELECT * FROM visitings …" db.statement="\n\nSELECT\n  *\nFROM\n  visitings\nWHERE\n  visit_user = $1\n  AND visit_machine = $2\n" rows_affected=0 rows_returned=1 elapsed=104.7µs elapsed_secs=0.0001047
[2024-11-10][21:27:30][DEBUG][sqlx::query] summary="PRAGMA foreign_keys = ON; …" db.statement="\n\nPRAGMA foreign_keys = ON;\n" rows_affected=0 rows_returned=0 elapsed=79µs elapsed_secs=7.9e-5
[2024-11-10][21:27:30][DEBUG][sqlx::query] summary="SELECT * FROM reservations …" db.statement="\n\nSELECT\n  *\nFROM\n  reservations\nWHERE\n  reservation_date = $1\n" rows_affected=0 rows_returned=0 elapsed=1.2785ms elapsed_secs=0.0012785
[2024-11-10][21:27:30][DEBUG][sqlx::query] summary="PRAGMA foreign_keys = ON; …" db.statement="\n\nPRAGMA foreign_keys = ON;\n" rows_affected=0 rows_returned=0 elapsed=41.8µs elapsed_secs=4.18e-5
[2024-11-10][21:27:30][DEBUG][sqlx::query] summary="SELECT * FROM stations" db.statement="" rows_affected=0 rows_returned=20 elapsed=425.7µs elapsed_secs=0.0004257
[2024-11-10][21:27:30][DEBUG][sqlx::query] summary="SELECT * FROM reservations …" db.statement="\n\nSELECT\n  *\nFROM\n  reservations\nWHERE\n  reservation_date = $1\n" rows_affected=0 rows_returned=0 elapsed=64.7µs elapsed_secs=6.47e-5
[2024-11-10][21:27:30][DEBUG][sqlx::query] summary="SELECT * FROM stations" db.statement="" rows_affected=0 rows_returned=20 elapsed=295.2µs elapsed_secs=0.0002952
[2024-11-10][21:27:30][DEBUG][sqlx::query] summary="SELECT * FROM visitings …" db.statement="\n\nSELECT\n  *\nFROM\n  visitings\nWHERE\n  visit_user = $1\n  AND visit_machine = $2\n" rows_affected=0 rows_returned=1 elapsed=243.4µs elapsed_secs=0.0002434
[2024-11-10][21:27:33][INFO][webview::unknown] check user
[2024-11-10][21:27:33][DEBUG][sqlx::query] summary="PRAGMA foreign_keys = ON; …" db.statement="\n\nPRAGMA foreign_keys = ON;\n" rows_affected=0 rows_returned=0 elapsed=135.8µs elapsed_secs=0.0001358
[2024-11-10][21:27:33][DEBUG][sqlx::query] summary="CREATE TABLE IF NOT …" db.statement="\n\nCREATE TABLE IF NOT EXISTS _sqlx_migrations (\n  version BIGINT PRIMARY KEY,\n  description TEXT NOT NULL,\n  installed_on TIMESTAMP NOT NULL DEFAULT CURRENT_TIMESTAMP,\n  success BOOLEAN NOT NULL,\n  checksum BLOB NOT NULL,\n  execution_time BIGINT NOT NULL\n);\n" rows_affected=0 rows_returned=0 elapsed=5.776ms elapsed_secs=0.005776
[2024-11-10][21:27:33][DEBUG][sqlx::query] summary="SELECT version FROM _sqlx_migrations …" db.statement="\n\nSELECT\n  version\nFROM\n  _sqlx_migrations\nWHERE\n  success = false\nORDER BY\n  version\nLIMIT\n  1\n" rows_affected=0 rows_returned=0 elapsed=191.7µs elapsed_secs=0.0001917
[2024-11-10][21:27:33][DEBUG][sqlx::query] summary="SELECT version, checksum FROM …" db.statement="\n\nSELECT\n  version,\n  checksum\nFROM\n  _sqlx_migrations\nORDER BY\n  version\n" rows_affected=0 rows_returned=1 elapsed=108.6µs elapsed_secs=0.0001086
[2024-11-10][21:27:33][DEBUG][sqlx::query] summary="SELECT * FROM reservations …" db.statement="\n\nSELECT\n  *\nFROM\n  reservations\nWHERE\n  reservation_date >= '2024-11-01'\n  AND reservation_date <= '2024-2024-11-30'\n" rows_affected=0 rows_returned=26 elapsed=361.8µs elapsed_secs=0.0003618
[2024-11-10][21:27:33][DEBUG][sqlx::query] summary="SELECT * FROM visitings …" db.statement="\n\nSELECT\n  *\nFROM\n  visitings\nWHERE\n  visit_user = $1\n  AND visit_machine = $2\n" rows_affected=0 rows_returned=1 elapsed=147.2µs elapsed_secs=0.0001472
[2024-11-10][21:27:33][DEBUG][sqlx::query] summary="SELECT * FROM stations" db.statement="" rows_affected=0 rows_returned=20 elapsed=163.5µs elapsed_secs=0.0001635
[2024-11-10][21:27:36][DEBUG][sqlx::query] summary="SELECT * FROM reservations …" db.statement="\n\nSELECT\n  *\nFROM\n  reservations\nWHERE\n  reservation_date = $1\n" rows_affected=0 rows_returned=1 elapsed=209µs elapsed_secs=0.000209
[2024-11-10][21:27:36][DEBUG][sqlx::query] summary="SELECT * FROM stations" db.statement="" rows_affected=0 rows_returned=20 elapsed=103.5µs elapsed_secs=0.0001035
[2024-11-10][21:27:36][DEBUG][sqlx::query] summary="SELECT * FROM reservations …" db.statement="\n\nSELECT\n  *\nFROM\n  reservations\nWHERE\n  reservation_date = $1\n" rows_affected=0 rows_returned=1 elapsed=80.6µs elapsed_secs=8.06e-5
[2024-11-10][21:27:36][DEBUG][sqlx::query] summary="SELECT * FROM visitings …" db.statement="\n\nSELECT\n  *\nFROM\n  visitings\nWHERE\n  visit_user = $1\n  AND visit_machine = $2\n" rows_affected=0 rows_returned=1 elapsed=187.6µs elapsed_secs=0.0001876
[2024-11-10][21:29:05][DEBUG][sqlx::query] summary="PRAGMA foreign_keys = ON; …" db.statement="\n\nPRAGMA foreign_keys = ON;\n" rows_affected=0 rows_returned=0 elapsed=102.4µs elapsed_secs=0.0001024
[2024-11-10][21:29:05][DEBUG][sqlx::query] summary="SELECT * FROM reservations …" db.statement="\n\nSELECT\n  *\nFROM\n  reservations\nWHERE\n  reservation_date = $1\n" rows_affected=0 rows_returned=1 elapsed=1.5207ms elapsed_secs=0.0015207
[2024-11-10][21:29:05][DEBUG][sqlx::query] summary="SELECT * FROM stations" db.statement="" rows_affected=0 rows_returned=20 elapsed=191µs elapsed_secs=0.000191
[2024-11-10][21:29:05][DEBUG][sqlx::query] summary="SELECT * FROM stations" db.statement="" rows_affected=0 rows_returned=20 elapsed=186.6µs elapsed_secs=0.0001866
[2024-11-10][21:29:05][DEBUG][sqlx::query] summary="SELECT * FROM reservations …" db.statement="\n\nSELECT\n  *\nFROM\n  reservations\nWHERE\n  reservation_date = $1\n" rows_affected=0 rows_returned=1 elapsed=76.8µs elapsed_secs=7.68e-5
[2024-11-10][21:29:05][DEBUG][sqlx::query] summary="SELECT * FROM visitings …" db.statement="\n\nSELECT\n  *\nFROM\n  visitings\nWHERE\n  visit_user = $1\n  AND visit_machine = $2\n" rows_affected=0 rows_returned=1 elapsed=382.7µs elapsed_secs=0.0003827
[2024-11-10][21:29:14][DEBUG][sqlx::query] summary="SELECT * FROM reservations …" db.statement="\n\nSELECT\n  *\nFROM\n  reservations\nWHERE\n  reservation_date = $1\n" rows_affected=0 rows_returned=1 elapsed=177.8µs elapsed_secs=0.0001778
[2024-11-10][21:29:14][DEBUG][sqlx::query] summary="SELECT * FROM stations" db.statement="" rows_affected=0 rows_returned=20 elapsed=237.7µs elapsed_secs=0.0002377
[2024-11-10][21:29:14][DEBUG][sqlx::query] summary="SELECT * FROM reservations …" db.statement="\n\nSELECT\n  *\nFROM\n  reservations\nWHERE\n  reservation_date = $1\n" rows_affected=0 rows_returned=1 elapsed=107µs elapsed_secs=0.000107
[2024-11-10][21:29:14][DEBUG][sqlx::query] summary="SELECT * FROM visitings …" db.statement="\n\nSELECT\n  *\nFROM\n  visitings\nWHERE\n  visit_user = $1\n  AND visit_machine = $2\n" rows_affected=0 rows_returned=1 elapsed=132.7µs elapsed_secs=0.0001327
[2024-11-10][21:29:20][DEBUG][sqlx::query] summary="SELECT * FROM reservations …" db.statement="\n\nSELECT\n  *\nFROM\n  reservations\nWHERE\n  reservation_date = $1\n" rows_affected=0 rows_returned=1 elapsed=166.2µs elapsed_secs=0.0001662
[2024-11-10][21:29:20][DEBUG][sqlx::query] summary="PRAGMA foreign_keys = ON; …" db.statement="\n\nPRAGMA foreign_keys = ON;\n" rows_affected=0 rows_returned=0 elapsed=114.6µs elapsed_secs=0.0001146
[2024-11-10][21:29:20][DEBUG][sqlx::query] summary="SELECT * FROM stations" db.statement="" rows_affected=0 rows_returned=20 elapsed=898.1µs elapsed_secs=0.0008981
[2024-11-10][21:29:20][DEBUG][sqlx::query] summary="SELECT * FROM reservations …" db.statement="\n\nSELECT\n  *\nFROM\n  reservations\nWHERE\n  reservation_date = $1\n" rows_affected=0 rows_returned=1 elapsed=65.2µs elapsed_secs=6.52e-5
[2024-11-10][21:29:20][DEBUG][sqlx::query] summary="SELECT * FROM visitings …" db.statement="\n\nSELECT\n  *\nFROM\n  visitings\nWHERE\n  visit_user = $1\n  AND visit_machine = $2\n" rows_affected=0 rows_returned=1 elapsed=296.3µs elapsed_secs=0.0002963
[2024-11-10][21:29:22][DEBUG][sqlx::query] summary="SELECT * FROM reservations …" db.statement="\n\nSELECT\n  *\nFROM\n  reservations\nWHERE\n  reservation_date = $1\n" rows_affected=0 rows_returned=1 elapsed=171.8µs elapsed_secs=0.0001718
[2024-11-10][21:29:22][DEBUG][sqlx::query] summary="SELECT * FROM stations" db.statement="" rows_affected=0 rows_returned=20 elapsed=271.1µs elapsed_secs=0.0002711
[2024-11-10][21:29:22][DEBUG][sqlx::query] summary="SELECT * FROM reservations …" db.statement="\n\nSELECT\n  *\nFROM\n  reservations\nWHERE\n  reservation_date = $1\n" rows_affected=0 rows_returned=1 elapsed=140.7µs elapsed_secs=0.0001407
[2024-11-10][21:29:22][DEBUG][sqlx::query] summary="SELECT * FROM visitings …" db.statement="\n\nSELECT\n  *\nFROM\n  visitings\nWHERE\n  visit_user = $1\n  AND visit_machine = $2\n" rows_affected=0 rows_returned=1 elapsed=150.7µs elapsed_secs=0.0001507
[2024-11-10][21:29:26][DEBUG][sqlx::query] summary="SELECT * FROM reservations …" db.statement="\n\nSELECT\n  *\nFROM\n  reservations\nWHERE\n  reservation_date = $1\n" rows_affected=0 rows_returned=1 elapsed=179.6µs elapsed_secs=0.0001796
[2024-11-10][21:29:26][DEBUG][sqlx::query] summary="SELECT * FROM stations" db.statement="" rows_affected=0 rows_returned=20 elapsed=257.5µs elapsed_secs=0.0002575
[2024-11-10][21:29:26][DEBUG][sqlx::query] summary="SELECT * FROM reservations …" db.statement="\n\nSELECT\n  *\nFROM\n  reservations\nWHERE\n  reservation_date = $1\n" rows_affected=0 rows_returned=1 elapsed=73.1µs elapsed_secs=7.31e-5
[2024-11-10][21:29:26][DEBUG][sqlx::query] summary="SELECT * FROM visitings …" db.statement="\n\nSELECT\n  *\nFROM\n  visitings\nWHERE\n  visit_user = $1\n  AND visit_machine = $2\n" rows_affected=0 rows_returned=1 elapsed=133.8µs elapsed_secs=0.0001338
[2024-11-10][21:29:29][DEBUG][sqlx::query] summary="SELECT * FROM reservations …" db.statement="\n\nSELECT\n  *\nFROM\n  reservations\nWHERE\n  reservation_date = $1\n" rows_affected=0 rows_returned=1 elapsed=107.5µs elapsed_secs=0.0001075
[2024-11-10][21:29:29][DEBUG][sqlx::query] summary="SELECT * FROM stations" db.statement="" rows_affected=0 rows_returned=20 elapsed=257µs elapsed_secs=0.000257
[2024-11-10][21:29:29][DEBUG][sqlx::query] summary="SELECT * FROM reservations …" db.statement="\n\nSELECT\n  *\nFROM\n  reservations\nWHERE\n  reservation_date = $1\n" rows_affected=0 rows_returned=1 elapsed=66.4µs elapsed_secs=6.64e-5
[2024-11-10][21:29:30][DEBUG][sqlx::query] summary="SELECT * FROM visitings …" db.statement="\n\nSELECT\n  *\nFROM\n  visitings\nWHERE\n  visit_user = $1\n  AND visit_machine = $2\n" rows_affected=0 rows_returned=1 elapsed=120.4µs elapsed_secs=0.0001204
[2024-11-10][21:29:43][DEBUG][sqlx::query] summary="SELECT * FROM reservations …" db.statement="\n\nSELECT\n  *\nFROM\n  reservations\nWHERE\n  reservation_date = $1\n" rows_affected=0 rows_returned=1 elapsed=151µs elapsed_secs=0.000151
[2024-11-10][21:29:43][DEBUG][sqlx::query] summary="SELECT * FROM stations" db.statement="" rows_affected=0 rows_returned=20 elapsed=223.1µs elapsed_secs=0.0002231
[2024-11-10][21:29:43][DEBUG][sqlx::query] summary="SELECT * FROM reservations …" db.statement="\n\nSELECT\n  *\nFROM\n  reservations\nWHERE\n  reservation_date = $1\n" rows_affected=0 rows_returned=1 elapsed=92.5µs elapsed_secs=9.25e-5
[2024-11-10][21:29:43][DEBUG][sqlx::query] summary="SELECT * FROM visitings …" db.statement="\n\nSELECT\n  *\nFROM\n  visitings\nWHERE\n  visit_user = $1\n  AND visit_machine = $2\n" rows_affected=0 rows_returned=1 elapsed=110.8µs elapsed_secs=0.0001108
[2024-11-10][21:29:46][DEBUG][sqlx::query] summary="SELECT * FROM reservations …" db.statement="\n\nSELECT\n  *\nFROM\n  reservations\nWHERE\n  reservation_date = $1\n" rows_affected=0 rows_returned=1 elapsed=139.7µs elapsed_secs=0.0001397
[2024-11-10][21:29:46][DEBUG][sqlx::query] summary="SELECT * FROM stations" db.statement="" rows_affected=0 rows_returned=20 elapsed=459.3µs elapsed_secs=0.0004593
[2024-11-10][21:29:46][DEBUG][sqlx::query] summary="SELECT * FROM reservations …" db.statement="\n\nSELECT\n  *\nFROM\n  reservations\nWHERE\n  reservation_date = $1\n" rows_affected=0 rows_returned=1 elapsed=126.9µs elapsed_secs=0.0001269
[2024-11-10][21:29:46][DEBUG][sqlx::query] summary="SELECT * FROM visitings …" db.statement="\n\nSELECT\n  *\nFROM\n  visitings\nWHERE\n  visit_user = $1\n  AND visit_machine = $2\n" rows_affected=0 rows_returned=1 elapsed=119.4µs elapsed_secs=0.0001194
[2024-11-10][21:29:51][DEBUG][sqlx::query] summary="SELECT * FROM reservations …" db.statement="\n\nSELECT\n  *\nFROM\n  reservations\nWHERE\n  reservation_date = $1\n" rows_affected=0 rows_returned=1 elapsed=139.2µs elapsed_secs=0.0001392
[2024-11-10][21:29:51][DEBUG][sqlx::query] summary="SELECT * FROM stations" db.statement="" rows_affected=0 rows_returned=20 elapsed=360.5µs elapsed_secs=0.0003605
[2024-11-10][21:29:51][DEBUG][sqlx::query] summary="SELECT * FROM reservations …" db.statement="\n\nSELECT\n  *\nFROM\n  reservations\nWHERE\n  reservation_date = $1\n" rows_affected=0 rows_returned=1 elapsed=104.2µs elapsed_secs=0.0001042
[2024-11-10][21:29:51][DEBUG][sqlx::query] summary="SELECT * FROM visitings …" db.statement="\n\nSELECT\n  *\nFROM\n  visitings\nWHERE\n  visit_user = $1\n  AND visit_machine = $2\n" rows_affected=0 rows_returned=1 elapsed=119.9µs elapsed_secs=0.0001199
[2024-11-10][21:30:05][WARN][tao::platform_impl::platform::event_loop::runner] NewEvents emitted without explicit RedrawEventsCleared
[2024-11-10][21:30:05][WARN][tao::platform_impl::platform::event_loop::runner] RedrawEventsCleared emitted without explicit MainEventsCleared
[2024-11-10][21:30:05][DEBUG][sqlx::query] summary="SELECT * FROM reservations …" db.statement="\n\nSELECT\n  *\nFROM\n  reservations\nWHERE\n  reservation_date = $1\n" rows_affected=0 rows_returned=1 elapsed=121.2µs elapsed_secs=0.0001212
[2024-11-10][21:30:05][DEBUG][sqlx::query] summary="SELECT * FROM reservations …" db.statement="\n\nSELECT\n  *\nFROM\n  reservations\nWHERE\n  reservation_date = $1\n" rows_affected=0 rows_returned=1 elapsed=245.2µs elapsed_secs=0.0002452
[2024-11-10][21:30:31][DEBUG][sqlx::query] summary="SELECT * FROM reservations …" db.statement="\n\nSELECT\n  *\nFROM\n  reservations\nWHERE\n  reservation_date = $1\n" rows_affected=0 rows_returned=1 elapsed=123µs elapsed_secs=0.000123
[2024-11-10][21:30:31][DEBUG][sqlx::query] summary="SELECT * FROM stations" db.statement="" rows_affected=0 rows_returned=20 elapsed=132.5µs elapsed_secs=0.0001325
[2024-11-10][21:30:31][DEBUG][sqlx::query] summary="SELECT * FROM reservations …" db.statement="\n\nSELECT\n  *\nFROM\n  reservations\nWHERE\n  reservation_date = $1\n" rows_affected=0 rows_returned=1 elapsed=146.8µs elapsed_secs=0.0001468
[2024-11-10][21:30:31][DEBUG][sqlx::query] summary="SELECT * FROM visitings …" db.statement="\n\nSELECT\n  *\nFROM\n  visitings\nWHERE\n  visit_user = $1\n  AND visit_machine = $2\n" rows_affected=0 rows_returned=1 elapsed=123.3µs elapsed_secs=0.0001233
[2024-11-10][21:30:50][DEBUG][sqlx::query] summary="SELECT * FROM reservations …" db.statement="\n\nSELECT\n  *\nFROM\n  reservations\nWHERE\n  reservation_date = $1\n" rows_affected=0 rows_returned=1 elapsed=278.8µs elapsed_secs=0.0002788
[2024-11-10][21:30:50][DEBUG][sqlx::query] summary="SELECT * FROM reservations …" db.statement="\n\nSELECT\n  *\nFROM\n  reservations\nWHERE\n  reservation_date = $1\n" rows_affected=0 rows_returned=1 elapsed=98.4µs elapsed_secs=9.84e-5
[2024-11-10][21:30:51][DEBUG][sqlx::query] summary="SELECT * FROM reservations …" db.statement="\n\nSELECT\n  *\nFROM\n  reservations\nWHERE\n  reservation_date = $1\n" rows_affected=0 rows_returned=7 elapsed=372.2µs elapsed_secs=0.0003722
[2024-11-10][21:30:51][DEBUG][sqlx::query] summary="SELECT * FROM reservations …" db.statement="\n\nSELECT\n  *\nFROM\n  reservations\nWHERE\n  reservation_date = $1\n" rows_affected=0 rows_returned=7 elapsed=87µs elapsed_secs=8.7e-5
[2024-11-10][21:31:05][WARN][tao::platform_impl::platform::event_loop::runner] NewEvents emitted without explicit RedrawEventsCleared
[2024-11-10][21:31:05][WARN][tao::platform_impl::platform::event_loop::runner] RedrawEventsCleared emitted without explicit MainEventsCleared
[2024-11-10][21:31:05][DEBUG][sqlx::query] summary="SELECT * FROM reservations …" db.statement="\n\nSELECT\n  *\nFROM\n  reservations\nWHERE\n  reservation_date = $1\n" rows_affected=0 rows_returned=1 elapsed=98.8µs elapsed_secs=9.88e-5
[2024-11-10][21:31:05][DEBUG][sqlx::query] summary="SELECT * FROM reservations …" db.statement="\n\nSELECT\n  *\nFROM\n  reservations\nWHERE\n  reservation_date = $1\n" rows_affected=0 rows_returned=1 elapsed=45.4µs elapsed_secs=4.54e-5
[2024-11-10][21:31:05][DEBUG][sqlx::query] summary="SELECT * FROM reservations …" db.statement="\n\nSELECT\n  *\nFROM\n  reservations\nWHERE\n  reservation_date = $1\n" rows_affected=0 rows_returned=1 elapsed=99.9µs elapsed_secs=9.99e-5
[2024-11-10][21:31:05][DEBUG][sqlx::query] summary="SELECT * FROM reservations …" db.statement="\n\nSELECT\n  *\nFROM\n  reservations\nWHERE\n  reservation_date = $1\n" rows_affected=0 rows_returned=1 elapsed=45.3µs elapsed_secs=4.53e-5
[2024-11-10][21:31:06][DEBUG][sqlx::query] summary="SELECT * FROM reservations …" db.statement="\n\nSELECT\n  *\nFROM\n  reservations\nWHERE\n  reservation_date = $1\n" rows_affected=0 rows_returned=1 elapsed=105.7µs elapsed_secs=0.0001057
[2024-11-10][21:31:06][DEBUG][sqlx::query] summary="SELECT * FROM reservations …" db.statement="\n\nSELECT\n  *\nFROM\n  reservations\nWHERE\n  reservation_date = $1\n" rows_affected=0 rows_returned=1 elapsed=85.3µs elapsed_secs=8.53e-5
[2024-11-10][21:34:09][WARN][tao::platform_impl::platform::event_loop::runner] NewEvents emitted without explicit RedrawEventsCleared
[2024-11-10][21:34:09][WARN][tao::platform_impl::platform::event_loop::runner] RedrawEventsCleared emitted without explicit MainEventsCleared
