[2024-11-10][22:31:41][INFO][webview::unknown] check user
[2024-11-10][22:31:41][DEBUG][sqlx::query] summary="PRAGMA foreign_keys = ON; …" db.statement="\n\nPRAGMA foreign_keys = ON;\n" rows_affected=0 rows_returned=0 elapsed=164.3µs elapsed_secs=0.0001643
[2024-11-10][22:31:41][DEBUG][sqlx::query] summary="CREATE TABLE IF NOT …" db.statement="\n\nCREATE TABLE IF NOT EXISTS _sqlx_migrations (\n  version BIGINT PRIMARY KEY,\n  description TEXT NOT NULL,\n  installed_on TIMESTAMP NOT NULL DEFAULT CURRENT_TIMESTAMP,\n  success BOOLEAN NOT NULL,\n  checksum BLOB NOT NULL,\n  execution_time BIGINT NOT NULL\n);\n" rows_affected=0 rows_returned=0 elapsed=6.2836ms elapsed_secs=0.0062836
[2024-11-10][22:31:41][DEBUG][sqlx::query] summary="SELECT version FROM _sqlx_migrations …" db.statement="\n\nSELECT\n  version\nFROM\n  _sqlx_migrations\nWHERE\n  success = false\nORDER BY\n  version\nLIMIT\n  1\n" rows_affected=0 rows_returned=0 elapsed=177.6µs elapsed_secs=0.0001776
[2024-11-10][22:31:41][DEBUG][sqlx::query] summary="SELECT version, checksum FROM …" db.statement="\n\nSELECT\n  version,\n  checksum\nFROM\n  _sqlx_migrations\nORDER BY\n  version\n" rows_affected=0 rows_returned=1 elapsed=93.1µs elapsed_secs=9.31e-5
[2024-11-10][22:31:41][DEBUG][sqlx::query] summary="SELECT * FROM reservations …" db.statement="\n\nSELECT\n  *\nFROM\n  reservations\nWHERE\n  reservation_date >= '2024-11-01'\n  AND reservation_date <= '2024-2024-11-30'\n" rows_affected=0 rows_returned=26 elapsed=403.4µs elapsed_secs=0.0004034
[2024-11-10][22:31:41][DEBUG][sqlx::query] summary="SELECT * FROM visitings …" db.statement="\n\nSELECT\n  *\nFROM\n  visitings\nWHERE\n  visit_user = $1\n  AND visit_machine = $2\n" rows_affected=0 rows_returned=1 elapsed=110.4µs elapsed_secs=0.0001104
[2024-11-10][22:31:41][DEBUG][sqlx::query] summary="SELECT * FROM stations" db.statement="" rows_affected=0 rows_returned=20 elapsed=335.9µs elapsed_secs=0.0003359
[2024-11-10][22:31:41][DEBUG][sqlx::query] summary="UPDATE visitings SET visit_count=$1 …" db.statement="\n\nUPDATE\n  visitings\nSET\n  visit_count = $1\nWHERE\n  id = $2\n" rows_affected=1 rows_returned=0 elapsed=3.386ms elapsed_secs=0.003386
[2024-11-10][22:32:55][DEBUG][sqlx::query] summary="SELECT * FROM reservations …" db.statement="\n\nSELECT\n  *\nFROM\n  reservations\nWHERE\n  reservation_date = $1\n" rows_affected=1 rows_returned=1 elapsed=219.4µs elapsed_secs=0.0002194
[2024-11-10][22:32:55][DEBUG][sqlx::query] summary="SELECT * FROM stations" db.statement="" rows_affected=1 rows_returned=20 elapsed=121µs elapsed_secs=0.000121
[2024-11-10][22:32:55][DEBUG][sqlx::query] summary="SELECT * FROM reservations …" db.statement="\n\nSELECT\n  *\nFROM\n  reservations\nWHERE\n  reservation_date = $1\n" rows_affected=1 rows_returned=1 elapsed=60.8µs elapsed_secs=6.08e-5
[2024-11-10][22:32:55][DEBUG][sqlx::query] summary="SELECT * FROM visitings …" db.statement="\n\nSELECT\n  *\nFROM\n  visitings\nWHERE\n  visit_user = $1\n  AND visit_machine = $2\n" rows_affected=1 rows_returned=1 elapsed=110.6µs elapsed_secs=0.0001106
[2024-11-10][22:32:55][DEBUG][sqlx::query] summary="UPDATE visitings SET visit_count=$1 …" db.statement="\n\nUPDATE\n  visitings\nSET\n  visit_count = $1\nWHERE\n  id = $2\n" rows_affected=1 rows_returned=0 elapsed=1.6794ms elapsed_secs=0.0016794
[2024-11-10][22:32:55][INFO][webview::unknown] log visiting
[2024-11-10][22:32:57][INFO][webview::unknown] check user
[2024-11-10][22:32:57][DEBUG][sqlx::query] summary="SELECT * FROM reservations …" db.statement="\n\nSELECT\n  *\nFROM\n  reservations\nWHERE\n  reservation_date >= '2024-11-01'\n  AND reservation_date <= '2024-2024-11-30'\n" rows_affected=1 rows_returned=26 elapsed=190.5µs elapsed_secs=0.0001905
[2024-11-10][22:32:57][DEBUG][sqlx::query] summary="SELECT * FROM visitings …" db.statement="\n\nSELECT\n  *\nFROM\n  visitings\nWHERE\n  visit_user = $1\n  AND visit_machine = $2\n" rows_affected=1 rows_returned=1 elapsed=76.6µs elapsed_secs=7.66e-5
[2024-11-10][22:32:57][DEBUG][sqlx::query] summary="UPDATE visitings SET visit_count=$1 …" db.statement="\n\nUPDATE\n  visitings\nSET\n  visit_count = $1\nWHERE\n  id = $2\n" rows_affected=1 rows_returned=0 elapsed=1.734ms elapsed_secs=0.001734
[2024-11-10][22:33:22][INFO][webview::unknown] check user
[2024-11-10][22:33:22][DEBUG][sqlx::query] summary="PRAGMA foreign_keys = ON; …" db.statement="\n\nPRAGMA foreign_keys = ON;\n" rows_affected=0 rows_returned=0 elapsed=159.6µs elapsed_secs=0.0001596
[2024-11-10][22:33:22][DEBUG][sqlx::query] summary="CREATE TABLE IF NOT …" db.statement="\n\nCREATE TABLE IF NOT EXISTS _sqlx_migrations (\n  version BIGINT PRIMARY KEY,\n  description TEXT NOT NULL,\n  installed_on TIMESTAMP NOT NULL DEFAULT CURRENT_TIMESTAMP,\n  success BOOLEAN NOT NULL,\n  checksum BLOB NOT NULL,\n  execution_time BIGINT NOT NULL\n);\n" rows_affected=0 rows_returned=0 elapsed=6.2985ms elapsed_secs=0.0062985
[2024-11-10][22:33:22][DEBUG][sqlx::query] summary="SELECT version FROM _sqlx_migrations …" db.statement="\n\nSELECT\n  version\nFROM\n  _sqlx_migrations\nWHERE\n  success = false\nORDER BY\n  version\nLIMIT\n  1\n" rows_affected=0 rows_returned=0 elapsed=206.6µs elapsed_secs=0.0002066
[2024-11-10][22:33:22][DEBUG][sqlx::query] summary="SELECT version, checksum FROM …" db.statement="\n\nSELECT\n  version,\n  checksum\nFROM\n  _sqlx_migrations\nORDER BY\n  version\n" rows_affected=0 rows_returned=1 elapsed=104.2µs elapsed_secs=0.0001042
[2024-11-10][22:33:22][DEBUG][sqlx::query] summary="SELECT * FROM reservations …" db.statement="\n\nSELECT\n  *\nFROM\n  reservations\nWHERE\n  reservation_date >= '2024-11-01'\n  AND reservation_date <= '2024-2024-11-30'\n" rows_affected=0 rows_returned=26 elapsed=375.6µs elapsed_secs=0.0003756
[2024-11-10][22:33:22][DEBUG][sqlx::query] summary="SELECT * FROM visitings …" db.statement="\n\nSELECT\n  *\nFROM\n  visitings\nWHERE\n  visit_user = $1\n  AND visit_machine = $2\n" rows_affected=0 rows_returned=1 elapsed=154.1µs elapsed_secs=0.0001541
[2024-11-10][22:33:22][DEBUG][sqlx::query] summary="SELECT * FROM stations" db.statement="" rows_affected=0 rows_returned=20 elapsed=158.6µs elapsed_secs=0.0001586
[2024-11-10][22:33:22][DEBUG][sqlx::query] summary="UPDATE visitings SET visit_count=$1 …" db.statement="\n\nUPDATE\n  visitings\nSET\n  visit_count = $1\nWHERE\n  id = $2\n" rows_affected=1 rows_returned=0 elapsed=1.2857ms elapsed_secs=0.0012857
[2024-11-10][23:01:36][INFO][webview::unknown] check user
[2024-11-10][23:01:36][DEBUG][sqlx::query] summary="PRAGMA foreign_keys = ON; …" db.statement="\n\nPRAGMA foreign_keys = ON;\n" rows_affected=0 rows_returned=0 elapsed=66.5µs elapsed_secs=6.65e-5
[2024-11-10][23:01:36][DEBUG][sqlx::query] summary="SELECT * FROM reservations …" db.statement="\n\nSELECT\n  *\nFROM\n  reservations\nWHERE\n  reservation_date >= '2024-11-01'\n  AND reservation_date <= '2024-2024-11-30'\n" rows_affected=0 rows_returned=26 elapsed=1.1909ms elapsed_secs=0.0011909
[2024-11-10][23:01:36][DEBUG][sqlx::query] summary="SELECT * FROM stations" db.statement="" rows_affected=0 rows_returned=20 elapsed=359µs elapsed_secs=0.000359
[2024-11-10][23:01:36][DEBUG][sqlx::query] summary="SELECT * FROM visitings …" db.statement="\n\nSELECT\n  *\nFROM\n  visitings\nWHERE\n  visit_user = $1\n  AND visit_machine = $2\n" rows_affected=0 rows_returned=1 elapsed=288.9µs elapsed_secs=0.0002889
[2024-11-10][23:01:36][DEBUG][sqlx::query] summary="UPDATE visitings SET visit_count=$1 …" db.statement="\n\nUPDATE\n  visitings\nSET\n  visit_count = $1\nWHERE\n  id = $2\n" rows_affected=1 rows_returned=0 elapsed=3.5439ms elapsed_secs=0.0035439
[2024-11-10][23:01:53][INFO][webview::unknown] check user
[2024-11-10][23:01:53][DEBUG][sqlx::query] summary="PRAGMA foreign_keys = ON; …" db.statement="\n\nPRAGMA foreign_keys = ON;\n" rows_affected=0 rows_returned=0 elapsed=173.5µs elapsed_secs=0.0001735
[2024-11-10][23:01:53][DEBUG][sqlx::query] summary="CREATE TABLE IF NOT …" db.statement="\n\nCREATE TABLE IF NOT EXISTS _sqlx_migrations (\n  version BIGINT PRIMARY KEY,\n  description TEXT NOT NULL,\n  installed_on TIMESTAMP NOT NULL DEFAULT CURRENT_TIMESTAMP,\n  success BOOLEAN NOT NULL,\n  checksum BLOB NOT NULL,\n  execution_time BIGINT NOT NULL\n);\n" rows_affected=0 rows_returned=0 elapsed=6.5941ms elapsed_secs=0.0065941
[2024-11-10][23:01:53][DEBUG][sqlx::query] summary="SELECT version FROM _sqlx_migrations …" db.statement="\n\nSELECT\n  version\nFROM\n  _sqlx_migrations\nWHERE\n  success = false\nORDER BY\n  version\nLIMIT\n  1\n" rows_affected=0 rows_returned=0 elapsed=228.1µs elapsed_secs=0.0002281
[2024-11-10][23:01:53][DEBUG][sqlx::query] summary="SELECT version, checksum FROM …" db.statement="\n\nSELECT\n  version,\n  checksum\nFROM\n  _sqlx_migrations\nORDER BY\n  version\n" rows_affected=0 rows_returned=1 elapsed=132µs elapsed_secs=0.000132
[2024-11-10][23:01:53][DEBUG][sqlx::query] summary="SELECT * FROM reservations …" db.statement="\n\nSELECT\n  *\nFROM\n  reservations\nWHERE\n  reservation_date >= '2024-11-01'\n  AND reservation_date <= '2024-2024-11-30'\n" rows_affected=0 rows_returned=26 elapsed=377.8µs elapsed_secs=0.0003778
[2024-11-10][23:01:53][DEBUG][sqlx::query] summary="SELECT * FROM visitings …" db.statement="\n\nSELECT\n  *\nFROM\n  visitings\nWHERE\n  visit_user = $1\n  AND visit_machine = $2\n" rows_affected=0 rows_returned=1 elapsed=207.3µs elapsed_secs=0.0002073
[2024-11-10][23:01:53][DEBUG][sqlx::query] summary="SELECT * FROM stations" db.statement="" rows_affected=0 rows_returned=20 elapsed=315µs elapsed_secs=0.000315
[2024-11-10][23:01:53][DEBUG][sqlx::query] summary="UPDATE visitings SET visit_count=$1 …" db.statement="\n\nUPDATE\n  visitings\nSET\n  visit_count = $1\nWHERE\n  id = $2\n" rows_affected=1 rows_returned=0 elapsed=2.6595ms elapsed_secs=0.0026595
[2024-11-10][23:02:41][INFO][webview::unknown] check user
[2024-11-10][23:02:41][DEBUG][sqlx::query] summary="PRAGMA foreign_keys = ON; …" db.statement="\n\nPRAGMA foreign_keys = ON;\n" rows_affected=0 rows_returned=0 elapsed=168.5µs elapsed_secs=0.0001685
[2024-11-10][23:02:41][DEBUG][sqlx::query] summary="SELECT * FROM reservations …" db.statement="\n\nSELECT\n  *\nFROM\n  reservations\nWHERE\n  reservation_date >= '2024-11-01'\n  AND reservation_date <= '2024-2024-11-30'\n" rows_affected=0 rows_returned=26 elapsed=2.1181ms elapsed_secs=0.0021181
[2024-11-10][23:02:41][DEBUG][sqlx::query] summary="SELECT * FROM stations" db.statement="" rows_affected=0 rows_returned=20 elapsed=362.6µs elapsed_secs=0.0003626
[2024-11-10][23:02:41][DEBUG][sqlx::query] summary="SELECT * FROM visitings …" db.statement="\n\nSELECT\n  *\nFROM\n  visitings\nWHERE\n  visit_user = $1\n  AND visit_machine = $2\n" rows_affected=0 rows_returned=1 elapsed=419.3µs elapsed_secs=0.0004193
[2024-11-10][23:02:41][DEBUG][sqlx::query] summary="UPDATE visitings SET visit_count=$1 …" db.statement="\n\nUPDATE\n  visitings\nSET\n  visit_count = $1\nWHERE\n  id = $2\n" rows_affected=1 rows_returned=0 elapsed=4.3567ms elapsed_secs=0.0043567
[2024-11-10][23:02:46][INFO][webview::unknown] check user
[2024-11-10][23:02:46][DEBUG][sqlx::query] summary="PRAGMA foreign_keys = ON; …" db.statement="\n\nPRAGMA foreign_keys = ON;\n" rows_affected=0 rows_returned=0 elapsed=82.9µs elapsed_secs=8.29e-5
[2024-11-10][23:02:46][DEBUG][sqlx::query] summary="SELECT * FROM reservations …" db.statement="\n\nSELECT\n  *\nFROM\n  reservations\nWHERE\n  reservation_date >= '2024-11-01'\n  AND reservation_date <= '2024-2024-11-30'\n" rows_affected=0 rows_returned=26 elapsed=1.0106ms elapsed_secs=0.0010106
[2024-11-10][23:02:46][DEBUG][sqlx::query] summary="SELECT * FROM stations" db.statement="" rows_affected=0 rows_returned=20 elapsed=448.6µs elapsed_secs=0.0004486
[2024-11-10][23:02:46][DEBUG][sqlx::query] summary="SELECT * FROM visitings …" db.statement="\n\nSELECT\n  *\nFROM\n  visitings\nWHERE\n  visit_user = $1\n  AND visit_machine = $2\n" rows_affected=0 rows_returned=1 elapsed=311.3µs elapsed_secs=0.0003113
[2024-11-10][23:02:46][DEBUG][sqlx::query] summary="UPDATE visitings SET visit_count=$1 …" db.statement="\n\nUPDATE\n  visitings\nSET\n  visit_count = $1\nWHERE\n  id = $2\n" rows_affected=1 rows_returned=0 elapsed=3.9322ms elapsed_secs=0.0039322
[2024-11-10][23:05:50][INFO][webview::unknown] check user
[2024-11-10][23:05:50][DEBUG][sqlx::query] summary="SELECT * FROM reservations …" db.statement="\n\nSELECT\n  *\nFROM\n  reservations\nWHERE\n  reservation_date >= '2024-11-01'\n  AND reservation_date <= '2024-2024-11-30'\n" rows_affected=1 rows_returned=26 elapsed=449.5µs elapsed_secs=0.0004495
[2024-11-10][23:05:50][DEBUG][sqlx::query] summary="SELECT * FROM visitings …" db.statement="\n\nSELECT\n  *\nFROM\n  visitings\nWHERE\n  visit_user = $1\n  AND visit_machine = $2\n" rows_affected=1 rows_returned=1 elapsed=80.3µs elapsed_secs=8.03e-5
[2024-11-10][23:05:50][DEBUG][sqlx::query] summary="UPDATE visitings SET visit_count=$1 …" db.statement="\n\nUPDATE\n  visitings\nSET\n  visit_count = $1\nWHERE\n  id = $2\n" rows_affected=1 rows_returned=0 elapsed=1.9837ms elapsed_secs=0.0019837
[2024-11-10][23:05:54][INFO][webview::unknown] check user
[2024-11-10][23:05:54][DEBUG][sqlx::query] summary="SELECT * FROM reservations …" db.statement="\n\nSELECT\n  *\nFROM\n  reservations\nWHERE\n  reservation_date >= '2024-11-01'\n  AND reservation_date <= '2024-2024-11-30'\n" rows_affected=1 rows_returned=26 elapsed=205.5µs elapsed_secs=0.0002055
[2024-11-10][23:05:54][DEBUG][sqlx::query] summary="SELECT * FROM visitings …" db.statement="\n\nSELECT\n  *\nFROM\n  visitings\nWHERE\n  visit_user = $1\n  AND visit_machine = $2\n" rows_affected=1 rows_returned=1 elapsed=99.8µs elapsed_secs=9.98e-5
[2024-11-10][23:05:54][DEBUG][sqlx::query] summary="UPDATE visitings SET visit_count=$1 …" db.statement="\n\nUPDATE\n  visitings\nSET\n  visit_count = $1\nWHERE\n  id = $2\n" rows_affected=1 rows_returned=0 elapsed=5.062ms elapsed_secs=0.005062
[2024-11-10][23:06:50][INFO][webview::unknown] check user
[2024-11-10][23:06:50][DEBUG][sqlx::query] summary="PRAGMA foreign_keys = ON; …" db.statement="\n\nPRAGMA foreign_keys = ON;\n" rows_affected=0 rows_returned=0 elapsed=130.4µs elapsed_secs=0.0001304
[2024-11-10][23:06:50][DEBUG][sqlx::query] summary="SELECT * FROM reservations …" db.statement="\n\nSELECT\n  *\nFROM\n  reservations\nWHERE\n  reservation_date >= '2024-11-01'\n  AND reservation_date <= '2024-2024-11-30'\n" rows_affected=0 rows_returned=26 elapsed=1.119ms elapsed_secs=0.001119
[2024-11-10][23:06:50][DEBUG][sqlx::query] summary="SELECT * FROM stations" db.statement="" rows_affected=0 rows_returned=20 elapsed=212.3µs elapsed_secs=0.0002123
[2024-11-10][23:06:50][DEBUG][sqlx::query] summary="SELECT * FROM visitings …" db.statement="\n\nSELECT\n  *\nFROM\n  visitings\nWHERE\n  visit_user = $1\n  AND visit_machine = $2\n" rows_affected=0 rows_returned=1 elapsed=229.6µs elapsed_secs=0.0002296
[2024-11-10][23:06:50][DEBUG][sqlx::query] summary="UPDATE visitings SET visit_count=$1 …" db.statement="\n\nUPDATE\n  visitings\nSET\n  visit_count = $1\nWHERE\n  id = $2\n" rows_affected=1 rows_returned=0 elapsed=3.8144ms elapsed_secs=0.0038144
